#
# There is insufficient memory for the Java Runtime Environment to continue.
# Native memory allocation (malloc) failed to allocate 1017936 bytes for Chunk::new
# Possible reasons:
#   The system is out of physical RAM or swap space
#   The process is running with CompressedOops enabled, and the Java Heap may be blocking the growth of the native heap
# Possible solutions:
#   Reduce memory load on the system
#   Increase physical memory or swap space
#   Check if swap backing store is full
#   Decrease Java heap size (-Xmx/-Xms)
#   Decrease number of Java threads
#   Decrease Java thread stack sizes (-Xss)
#   Set larger code cache with -XX:ReservedCodeCacheSize=
#   JVM is running with Unscaled Compressed Oops mode in which the Java heap is
#     placed in the first 4GB address space. The Java Heap base address is the
#     maximum limit for the native heap growth. Please use -XX:HeapBaseMinAddress
#     to set the Java Heap base and to place the Java Heap above 4GB virtual address.
# This output file may be truncated or incomplete.
#
#  Out of Memory Error (allocation.cpp:389), pid=11576, tid=0x00000000000007f0
#
# JRE version: OpenJDK Runtime Environment (8.0_242-b01) (build 1.8.0_242-release-1644-b01)
# Java VM: OpenJDK 64-Bit Server VM (25.242-b01 mixed mode windows-amd64 compressed oops)
# Failed to write core dump. Minidumps are not enabled by default on client versions of Windows
#

---------------  T H R E A D  ---------------

Current thread (0x000000001778e000):  JavaThread "C2 CompilerThread1" daemon [_thread_in_native, id=2032, stack(0x0000000019520000,0x0000000019620000)]

Stack: [0x0000000019520000,0x0000000019620000]
[error occurred during error reporting (printing stack bounds), id 0xc0000005]

Native frames: (J=compiled Java code, j=interpreted, Vv=VM code, C=native code)


Current CompileTask:
C2:  15463 7723       4       com.android.utils.XmlUtils::append (639 bytes)


---------------  P R O C E S S  ---------------

Java Threads: ( => current thread )
  0x000000001f222800 JavaThread "MarlinRenderer Disposer" daemon [_thread_blocked, id=5608, stack(0x000000002ba90000,0x000000002bb90000)]
  0x000000001f21b000 JavaThread "Java2D Disposer" daemon [_thread_blocked, id=11580, stack(0x000000002b990000,0x000000002ba90000)]
  0x000000001f221800 JavaThread "WorkerExecutor Queue Thread 6" [_thread_in_Java, id=7984, stack(0x000000002b4a0000,0x000000002b5a0000)]
  0x000000001f221000 JavaThread "WorkerExecutor Queue Thread 5" [_thread_blocked, id=1644, stack(0x000000002b3a0000,0x000000002b4a0000)]
  0x000000001f220000 JavaThread "WorkerExecutor Queue Thread 4" [_thread_in_Java, id=12096, stack(0x000000002b2a0000,0x000000002b3a0000)]
  0x000000001f21a000 JavaThread "WorkerExecutor Queue Thread 3" [_thread_in_Java, id=12036, stack(0x000000002b1a0000,0x000000002b2a0000)]
  0x000000001f21f800 JavaThread "WorkerExecutor Queue Thread 2" [_thread_in_native, id=11508, stack(0x000000002b0a0000,0x000000002b1a0000)]
  0x000000001f219800 JavaThread "WorkerExecutor Queue" [_thread_blocked, id=4404, stack(0x000000002afa0000,0x000000002b0a0000)]
  0x000000001f217000 JavaThread "Cache worker for execution history cache (D:\Game\.gradle\6.5\executionHistory)" [_thread_blocked, id=6904, stack(0x000000002aaa0000,0x000000002aba0000)]
  0x000000001f21e000 JavaThread "Execution worker for ':' Thread 5" [_thread_blocked, id=8004, stack(0x000000002a9a0000,0x000000002aaa0000)]
  0x000000001f21d000 JavaThread "Execution worker for ':' Thread 4" [_thread_blocked, id=10044, stack(0x000000002a8a0000,0x000000002a9a0000)]
  0x000000001f21c800 JavaThread "Execution worker for ':' Thread 3" [_thread_blocked, id=11976, stack(0x000000002a7a0000,0x000000002a8a0000)]
  0x000000001f218800 JavaThread "Execution worker for ':' Thread 2" [_thread_blocked, id=10312, stack(0x000000002a6a0000,0x000000002a7a0000)]
  0x000000001f21b800 JavaThread "Execution worker for ':'" [_thread_blocked, id=2404, stack(0x000000002a5a0000,0x000000002a6a0000)]
  0x000000001c2f7000 JavaThread "Cache worker for file content cache (D:\Game\.gradle\6.5\fileContent)" [_thread_blocked, id=6280, stack(0x000000002a0a0000,0x000000002a1a0000)]
  0x000000001c2f6800 JavaThread "Memory manager" [_thread_blocked, id=8136, stack(0x0000000028390000,0x0000000028490000)]
  0x000000001c2f5000 JavaThread "pool-1-thread-1" [_thread_blocked, id=3156, stack(0x0000000028090000,0x0000000028190000)]
  0x000000001c2f5800 JavaThread "Cache worker for Build Output Cleanup Cache (D:\Game\.gradle\buildOutputCleanup)" [_thread_blocked, id=10856, stack(0x0000000027d90000,0x0000000027e90000)]
  0x000000001c2f3800 JavaThread "jar transforms Thread 92" [_thread_blocked, id=11284, stack(0x00000000275d0000,0x00000000276d0000)]
  0x000000001c2f2800 JavaThread "jar transforms Thread 91" [_thread_blocked, id=628, stack(0x0000000027a90000,0x0000000027b90000)]
  0x000000001c2eb000 JavaThread "jar transforms Thread 90" [_thread_blocked, id=2436, stack(0x0000000027990000,0x0000000027a90000)]
  0x000000001c2f2000 JavaThread "jar transforms Thread 89" [_thread_blocked, id=9180, stack(0x0000000027890000,0x0000000027990000)]
  0x000000001c2f1000 JavaThread "jar transforms Thread 88" [_thread_blocked, id=11388, stack(0x0000000027790000,0x0000000027890000)]
  0x000000001c2e9800 JavaThread "jar transforms Thread 87" [_thread_blocked, id=5884, stack(0x00000000274d0000,0x00000000275d0000)]
  0x000000001c2f0800 JavaThread "jar transforms Thread 86" [_thread_blocked, id=9980, stack(0x00000000273d0000,0x00000000274d0000)]
  0x000000001c2ed800 JavaThread "jar transforms Thread 85" [_thread_blocked, id=11480, stack(0x00000000272d0000,0x00000000273d0000)]
  0x000000001c2ef000 JavaThread "jar transforms Thread 84" [_thread_blocked, id=2976, stack(0x00000000271d0000,0x00000000272d0000)]
  0x000000001c2ee000 JavaThread "jar transforms Thread 83" [_thread_blocked, id=4168, stack(0x00000000270d0000,0x00000000271d0000)]
  0x000000001c2e9000 JavaThread "jar transforms Thread 82" [_thread_blocked, id=4568, stack(0x0000000026fd0000,0x00000000270d0000)]
  0x000000001c2ec800 JavaThread "jar transforms Thread 81" [_thread_blocked, id=11452, stack(0x0000000026ed0000,0x0000000026fd0000)]
  0x000000001c2ef800 JavaThread "jar transforms Thread 80" [_thread_blocked, id=1020, stack(0x0000000026dd0000,0x0000000026ed0000)]
  0x000000001c2e8000 JavaThread "jar transforms Thread 79" [_thread_blocked, id=12156, stack(0x0000000026cd0000,0x0000000026dd0000)]
  0x000000001c2ea800 JavaThread "jar transforms Thread 78" [_thread_blocked, id=1088, stack(0x0000000026bd0000,0x0000000026cd0000)]
  0x000000001c2ec000 JavaThread "jar transforms Thread 77" [_thread_blocked, id=5496, stack(0x0000000026ad0000,0x0000000026bd0000)]
  0x000000001c2cd000 JavaThread "jar transforms Thread 76" [_thread_blocked, id=7724, stack(0x00000000269d0000,0x0000000026ad0000)]
  0x000000001c2cc000 JavaThread "jar transforms Thread 75" [_thread_blocked, id=10020, stack(0x00000000268d0000,0x00000000269d0000)]
  0x000000001c2cd800 JavaThread "jar transforms Thread 74" [_thread_blocked, id=5428, stack(0x00000000267d0000,0x00000000268d0000)]
  0x000000001c2c9000 JavaThread "jar transforms Thread 73" [_thread_blocked, id=12208, stack(0x00000000266d0000,0x00000000267d0000)]
  0x000000001c2cf000 JavaThread "jar transforms Thread 72" [_thread_blocked, id=5920, stack(0x00000000265d0000,0x00000000266d0000)]
  0x000000001c2ce800 JavaThread "jar transforms Thread 71" [_thread_blocked, id=6756, stack(0x00000000264d0000,0x00000000265d0000)]
  0x000000001c2c8800 JavaThread "jar transforms Thread 70" [_thread_blocked, id=11648, stack(0x00000000263d0000,0x00000000264d0000)]
  0x000000001c2cb800 JavaThread "jar transforms Thread 69" [_thread_blocked, id=1748, stack(0x00000000262d0000,0x00000000263d0000)]
  0x000000001c2ca800 JavaThread "jar transforms Thread 68" [_thread_blocked, id=11268, stack(0x00000000261d0000,0x00000000262d0000)]
  0x000000001c2ca000 JavaThread "jar transforms Thread 67" [_thread_blocked, id=11776, stack(0x00000000260d0000,0x00000000261d0000)]
  0x000000001c2c1000 JavaThread "jar transforms Thread 66" [_thread_blocked, id=2568, stack(0x0000000025fd0000,0x00000000260d0000)]
  0x000000001c2c7800 JavaThread "jar transforms Thread 65" [_thread_blocked, id=9932, stack(0x0000000025ed0000,0x0000000025fd0000)]
  0x000000001c2c6000 JavaThread "jar transforms Thread 64" [_thread_blocked, id=2940, stack(0x0000000025dd0000,0x0000000025ed0000)]
  0x000000001c2c5800 JavaThread "jar transforms Thread 63" [_thread_blocked, id=668, stack(0x0000000025cd0000,0x0000000025dd0000)]
  0x000000001c2c0000 JavaThread "jar transforms Thread 62" [_thread_blocked, id=2552, stack(0x0000000025bd0000,0x0000000025cd0000)]
  0x000000001c2c4800 JavaThread "jar transforms Thread 61" [_thread_blocked, id=1396, stack(0x0000000025ad0000,0x0000000025bd0000)]
  0x000000001c2c7000 JavaThread "jar transforms Thread 60" [_thread_blocked, id=2208, stack(0x00000000259d0000,0x0000000025ad0000)]
  0x000000001c2c4000 JavaThread "jar transforms Thread 59" [_thread_blocked, id=3812, stack(0x00000000258d0000,0x00000000259d0000)]
  0x000000001c2c3000 JavaThread "jar transforms Thread 58" [_thread_blocked, id=1992, stack(0x00000000257d0000,0x00000000258d0000)]
  0x000000001c2c1800 JavaThread "jar transforms Thread 57" [_thread_blocked, id=1484, stack(0x00000000256d0000,0x00000000257d0000)]
  0x000000001c2c2800 JavaThread "jar transforms Thread 56" [_thread_blocked, id=1120, stack(0x00000000255d0000,0x00000000256d0000)]
  0x000000001a29d000 JavaThread "jar transforms Thread 55" [_thread_blocked, id=4860, stack(0x00000000254d0000,0x00000000255d0000)]
  0x000000001a29c000 JavaThread "jar transforms Thread 54" [_thread_blocked, id=9588, stack(0x00000000253d0000,0x00000000254d0000)]
  0x000000001a298800 JavaThread "jar transforms Thread 53" [_thread_blocked, id=11768, stack(0x00000000252d0000,0x00000000253d0000)]
  0x000000001a29f000 JavaThread "jar transforms Thread 52" [_thread_blocked, id=3728, stack(0x00000000251d0000,0x00000000252d0000)]
  0x000000001a29b800 JavaThread "jar transforms Thread 51" [_thread_blocked, id=9244, stack(0x00000000250d0000,0x00000000251d0000)]
  0x000000001a29a800 JavaThread "jar transforms Thread 50" [_thread_blocked, id=4352, stack(0x0000000024c00000,0x0000000024d00000)]
  0x000000001a29d800 JavaThread "jar transforms Thread 49" [_thread_blocked, id=11240, stack(0x0000000024fd0000,0x00000000250d0000)]
  0x000000001a29a000 JavaThread "jar transforms Thread 48" [_thread_blocked, id=7120, stack(0x0000000024ed0000,0x0000000024fd0000)]
  0x000000001a29e800 JavaThread "jar transforms Thread 47" [_thread_blocked, id=424, stack(0x0000000024dd0000,0x0000000024ed0000)]
  0x000000001a299000 JavaThread "jar transforms Thread 46" [_thread_blocked, id=2396, stack(0x0000000024b00000,0x0000000024c00000)]
  0x000000001a290800 JavaThread "jar transforms Thread 45" [_thread_blocked, id=5656, stack(0x0000000024a00000,0x0000000024b00000)]
  0x000000001a297800 JavaThread "jar transforms Thread 44" [_thread_blocked, id=6492, stack(0x0000000024900000,0x0000000024a00000)]
  0x000000001a290000 JavaThread "jar transforms Thread 43" [_thread_blocked, id=8232, stack(0x0000000024800000,0x0000000024900000)]
  0x000000001a293000 JavaThread "jar transforms Thread 42" [_thread_blocked, id=11076, stack(0x0000000024700000,0x0000000024800000)]
  0x000000001a297000 JavaThread "jar transforms Thread 41" [_thread_blocked, id=7636, stack(0x0000000024600000,0x0000000024700000)]
  0x000000001a296000 JavaThread "jar transforms Thread 40" [_thread_blocked, id=580, stack(0x0000000024500000,0x0000000024600000)]
  0x000000001a295800 JavaThread "jar transforms Thread 39" [_thread_blocked, id=11444, stack(0x0000000024400000,0x0000000024500000)]
  0x000000001a291800 JavaThread "jar transforms Thread 38" [_thread_blocked, id=9788, stack(0x0000000024300000,0x0000000024400000)]
  0x000000001a292000 JavaThread "jar transforms Thread 37" [_thread_blocked, id=5612, stack(0x0000000024200000,0x0000000024300000)]
  0x000000001a294800 JavaThread "jar transforms Thread 36" [_thread_blocked, id=6864, stack(0x0000000024100000,0x0000000024200000)]
  0x000000001a294000 JavaThread "jar transforms Thread 35" [_thread_blocked, id=396, stack(0x0000000024000000,0x0000000024100000)]
  0x000000001bea8000 JavaThread "jar transforms Thread 34" [_thread_blocked, id=6564, stack(0x0000000023f00000,0x0000000024000000)]
  0x000000001bea7800 JavaThread "jar transforms Thread 33" [_thread_blocked, id=10272, stack(0x0000000023e00000,0x0000000023f00000)]
  0x000000001bea6800 JavaThread "jar transforms Thread 32" [_thread_blocked, id=2184, stack(0x0000000023d00000,0x0000000023e00000)]
  0x000000001bea5000 JavaThread "jar transforms Thread 31" [_thread_blocked, id=3856, stack(0x0000000023c00000,0x0000000023d00000)]
  0x000000001bea6000 JavaThread "jar transforms Thread 30" [_thread_blocked, id=9528, stack(0x0000000023b00000,0x0000000023c00000)]
  0x000000001bea4800 JavaThread "jar transforms Thread 29" [_thread_blocked, id=11616, stack(0x0000000023a00000,0x0000000023b00000)]
  0x000000001be9d000 JavaThread "jar transforms Thread 28" [_thread_blocked, id=10592, stack(0x0000000023900000,0x0000000023a00000)]
  0x000000001bea3800 JavaThread "jar transforms Thread 27" [_thread_blocked, id=1916, stack(0x0000000023800000,0x0000000023900000)]
  0x000000001bea3000 JavaThread "jar transforms Thread 26" [_thread_blocked, id=4436, stack(0x0000000023700000,0x0000000023800000)]
  0x000000001be9b800 JavaThread "jar transforms Thread 25" [_thread_blocked, id=11124, stack(0x0000000023600000,0x0000000023700000)]
  0x000000001bea0800 JavaThread "jar transforms Thread 24" [_thread_blocked, id=11620, stack(0x0000000023500000,0x0000000023600000)]
  0x000000001bea2000 JavaThread "jar transforms Thread 23" [_thread_blocked, id=9452, stack(0x0000000023400000,0x0000000023500000)]
  0x000000001be9d800 JavaThread "jar transforms Thread 22" [_thread_blocked, id=6188, stack(0x0000000023300000,0x0000000023400000)]
  0x000000001be9c000 JavaThread "jar transforms Thread 21" [_thread_blocked, id=11548, stack(0x0000000023200000,0x0000000023300000)]
  0x000000001bea1800 JavaThread "jar transforms Thread 20" [_thread_blocked, id=7860, stack(0x0000000023100000,0x0000000023200000)]
  0x000000001be9a000 JavaThread "jar transforms Thread 19" [_thread_blocked, id=1188, stack(0x0000000023000000,0x0000000023100000)]
  0x000000001be99000 JavaThread "jar transforms Thread 18" [_thread_blocked, id=3240, stack(0x0000000022f00000,0x0000000023000000)]
  0x000000001be9f000 JavaThread "jar transforms Thread 17" [_thread_blocked, id=5568, stack(0x0000000022e00000,0x0000000022f00000)]
  0x000000001bea0000 JavaThread "jar transforms Thread 16" [_thread_blocked, id=10748, stack(0x0000000022d00000,0x0000000022e00000)]
  0x000000001be9e800 JavaThread "jar transforms Thread 15" [_thread_blocked, id=3392, stack(0x0000000022c00000,0x0000000022d00000)]
  0x000000001be9a800 JavaThread "jar transforms Thread 14" [_thread_blocked, id=6476, stack(0x0000000022b00000,0x0000000022c00000)]
  0x000000001a776000 JavaThread "jar transforms Thread 13" [_thread_blocked, id=2512, stack(0x0000000022a00000,0x0000000022b00000)]
  0x000000001a775800 JavaThread "jar transforms Thread 12" [_thread_blocked, id=5064, stack(0x0000000022900000,0x0000000022a00000)]
  0x000000001a774800 JavaThread "jar transforms Thread 11" [_thread_blocked, id=11108, stack(0x0000000022450000,0x0000000022550000)]
  0x000000001a76e800 JavaThread "jar transforms Thread 10" [_thread_blocked, id=5192, stack(0x0000000022800000,0x0000000022900000)]
  0x000000001a774000 JavaThread "jar transforms Thread 9" [_thread_blocked, id=11720, stack(0x0000000022700000,0x0000000022800000)]
  0x000000001a76e000 JavaThread "jar transforms Thread 8" [_thread_blocked, id=1124, stack(0x0000000022600000,0x0000000022700000)]
  0x000000001a773000 JavaThread "jar transforms Thread 7" [_thread_blocked, id=7208, stack(0x0000000022350000,0x0000000022450000)]
  0x000000001a772800 JavaThread "jar transforms Thread 6" [_thread_blocked, id=6332, stack(0x0000000022150000,0x0000000022250000)]
  0x000000001a76c800 JavaThread "jar transforms Thread 5" [_thread_blocked, id=2428, stack(0x0000000022050000,0x0000000022150000)]
  0x000000001a76b000 JavaThread "jar transforms Thread 4" [_thread_blocked, id=1468, stack(0x0000000021f50000,0x0000000022050000)]
  0x000000001a771800 JavaThread "jar transforms Thread 3" [_thread_blocked, id=556, stack(0x0000000021e50000,0x0000000021f50000)]
  0x000000001a771000 JavaThread "jar transforms Thread 2" [_thread_blocked, id=9164, stack(0x0000000021d50000,0x0000000021e50000)]
  0x000000001a76d000 JavaThread "Build operations Thread 6" [_thread_blocked, id=6060, stack(0x0000000021c50000,0x0000000021d50000)]
  0x000000001a770000 JavaThread "Build operations Thread 5" [_thread_blocked, id=4976, stack(0x0000000021b50000,0x0000000021c50000)]
  0x000000001a76a000 JavaThread "Build operations Thread 4" [_thread_blocked, id=3624, stack(0x0000000021a50000,0x0000000021b50000)]
  0x000000001a768800 JavaThread "Build operations Thread 3" [_thread_blocked, id=4072, stack(0x0000000021950000,0x0000000021a50000)]
  0x000000001a769800 JavaThread "Build operations Thread 2" [_thread_blocked, id=4856, stack(0x0000000021850000,0x0000000021950000)]
  0x000000001a76f800 JavaThread "Build operations" [_thread_blocked, id=11584, stack(0x0000000021750000,0x0000000021850000)]
  0x000000001a698000 JavaThread "Cache worker for file content cache (C:\Users\xvlad\.gradle\caches\6.5\fileContent)" [_thread_blocked, id=3588, stack(0x0000000021050000,0x0000000021150000)]
  0x000000001a696800 JavaThread "jar transforms" [_thread_blocked, id=4576, stack(0x0000000020f50000,0x0000000021050000)]
  0x000000001a697800 JavaThread "Cache worker for execution history cache (C:\Users\xvlad\.gradle\caches\6.5\executionHistory)" [_thread_blocked, id=2956, stack(0x0000000020850000,0x0000000020950000)]
  0x000000001a696000 JavaThread "Cache worker for cache directory md-rule (C:\Users\xvlad\.gradle\caches\6.5\md-rule)" [_thread_blocked, id=5040, stack(0x0000000020750000,0x0000000020850000)]
  0x000000001a695000 JavaThread "Cache worker for cache directory md-supplier (C:\Users\xvlad\.gradle\caches\6.5\md-supplier)" [_thread_blocked, id=10568, stack(0x0000000020650000,0x0000000020750000)]
  0x000000001a693000 JavaThread "Cache worker for checksums cache (D:\Game\.gradle\checksums)" [_thread_blocked, id=5828, stack(0x000000001fff0000,0x00000000200f0000)]
  0x000000001a693800 JavaThread "Cache worker for file hash cache (D:\Game\.gradle\6.5\fileHashes)" [_thread_blocked, id=2316, stack(0x0000000020350000,0x0000000020450000)]
  0x000000001a692000 JavaThread "Cache worker for file hash cache (C:\Users\xvlad\.gradle\caches\6.5\fileHashes)" [_thread_blocked, id=7216, stack(0x000000001dd50000,0x000000001de50000)]
  0x000000001a694800 JavaThread "File lock request listener" [_thread_in_native, id=9360, stack(0x000000001dc50000,0x000000001dd50000)]
  0x000000001b99b800 JavaThread "Cache worker for journal cache (C:\Users\xvlad\.gradle\caches\journal-1)" [_thread_blocked, id=652, stack(0x000000001db50000,0x000000001dc50000)]
  0x000000001b776000 JavaThread "Thread-9" [_thread_blocked, id=1832, stack(0x000000001d850000,0x000000001d950000)]
  0x000000001b775800 JavaThread "Stdin handler" [_thread_blocked, id=10380, stack(0x000000001d750000,0x000000001d850000)]
  0x000000001b75b000 JavaThread "Asynchronous log dispatcher for DefaultDaemonConnection: socket connection from /127.0.0.1:62776 to /127.0.0.1:62777" [_thread_blocked, id=11328, stack(0x000000001d650000,0x000000001d750000)]
  0x000000001b756000 JavaThread "Daemon worker" [_thread_blocked, id=11716, stack(0x000000001d550000,0x000000001d650000)]
  0x000000001b755000 JavaThread "Cancel handler" [_thread_blocked, id=10628, stack(0x000000001d450000,0x000000001d550000)]
  0x000000001b780000 JavaThread "Handler for socket connection from /127.0.0.1:62776 to /127.0.0.1:62777" [_thread_in_native, id=10004, stack(0x000000001d350000,0x000000001d450000)]
  0x000000001b77f000 JavaThread "Daemon" [_thread_blocked, id=12172, stack(0x000000001d250000,0x000000001d350000)]
  0x000000001a09e000 JavaThread "Daemon periodic checks" [_thread_blocked, id=9800, stack(0x000000001cf50000,0x000000001d050000)]
  0x000000001a4d2800 JavaThread "Incoming local TCP Connector on port 62776" [_thread_in_native, id=7612, stack(0x000000001cd00000,0x000000001ce00000)]
  0x000000001982f800 JavaThread "Daemon health stats" [_thread_blocked, id=9156, stack(0x000000001c6c0000,0x000000001c7c0000)]
  0x000000001978e800 JavaThread "Service Thread" daemon [_thread_blocked, id=11812, stack(0x0000000019b20000,0x0000000019c20000)]
  0x0000000017794800 JavaThread "C1 CompilerThread2" daemon [_thread_in_native, id=6828, stack(0x0000000019620000,0x0000000019720000)]
=>0x000000001778e000 JavaThread "C2 CompilerThread1" daemon [_thread_in_native, id=2032, stack(0x0000000019520000,0x0000000019620000)]
  0x000000001778b800 JavaThread "C2 CompilerThread0" daemon [_thread_in_native, id=7428, stack(0x0000000019420000,0x0000000019520000)]
  0x0000000017784000 JavaThread "Attach Listener" daemon [_thread_blocked, id=10596, stack(0x0000000019320000,0x0000000019420000)]
  0x0000000017789800 JavaThread "Signal Dispatcher" daemon [_thread_blocked, id=11624, stack(0x0000000019220000,0x0000000019320000)]
  0x000000000291b000 JavaThread "Finalizer" daemon [_thread_blocked, id=6592, stack(0x0000000019010000,0x0000000019110000)]
  0x000000001776b800 JavaThread "Reference Handler" daemon [_thread_blocked, id=340, stack(0x0000000018f10000,0x0000000019010000)]
  0x0000000002820800 JavaThread "main" [_thread_blocked, id=4820, stack(0x0000000002720000,0x0000000002820000)]

Other Threads:
  0x0000000017747800 VMThread [stack: 0x0000000018e10000,0x0000000018f10000] [id=3112]
  0x000000001978f800 WatcherThread [stack: 0x0000000019c20000,0x0000000019d20000] [id=8704]

VM state:not at safepoint (normal execution)

VM Mutex/Monitor currently owned by a thread: None

heap address: 0x0000000080000000, size: 2048 MB, Compressed Oops mode: 32-bit
Narrow klass base: 0x0000000000000000, Narrow klass shift: 3
Compressed class space size: 1073741824 Address: 0x0000000100000000

Heap:
 PSYoungGen      total 257024K, used 35289K [0x00000000d5580000, 0x00000000e9f00000, 0x0000000100000000)
  eden space 236032K, 6% used [0x00000000d5580000,0x00000000d637c8e8,0x00000000e3c00000)
  from space 20992K, 99% used [0x00000000e3c00000,0x00000000e5079da8,0x00000000e5080000)
  to   space 27648K, 0% used [0x00000000e8400000,0x00000000e8400000,0x00000000e9f00000)
 ParOldGen       total 129536K, used 45596K [0x0000000080000000, 0x0000000087e80000, 0x00000000d5580000)
  object space 129536K, 35% used [0x0000000080000000,0x0000000082c87250,0x0000000087e80000)
 Metaspace       used 67446K, capacity 70618K, committed 70808K, reserved 1110016K
  class space    used 9218K, capacity 9830K, committed 9904K, reserved 1048576K

Card table byte_map: [0x0000000011ce0000,0x00000000120f0000] byte_map_base: 0x00000000118e0000

Marking Bits: (ParMarkBitMap*) 0x000000006460f030
 Begin Bits: [0x00000000129a0000, 0x00000000149a0000)
 End Bits:   [0x00000000149a0000, 0x00000000169a0000)

Polling page: 0x0000000000910000

CodeCache: size=245760Kb used=22946Kb max_used=22946Kb free=222813Kb
 bounds [0x0000000002920000, 0x0000000003fb0000, 0x0000000011920000]
 total_blobs=7964 nmethods=7053 adapters=823
 compilation: enabled

Compilation events (10 events):
Event: 15.452 Thread 0x0000000017794800 7903       1       java.awt.image.SampleModel::getDataType (5 bytes)
Event: 15.452 Thread 0x0000000017794800 nmethod 7903 0x0000000003f83550 code [0x0000000003f836a0, 0x0000000003f837b0]
Event: 15.452 Thread 0x0000000017794800 7912       1       java.awt.image.DataBuffer::getNumBanks (5 bytes)
Event: 15.452 Thread 0x0000000017794800 nmethod 7912 0x0000000003f83290 code [0x0000000003f833e0, 0x0000000003f834f0]
Event: 15.452 Thread 0x0000000017794800 7906       3       java.io.ObjectStreamField::<init> (268 bytes)
Event: 15.452 Thread 0x0000000017794800 nmethod 7906 0x0000000003f94310 code [0x0000000003f94500, 0x0000000003f94dd8]
Event: 15.452 Thread 0x0000000017794800 7904  s    1       javax.imageio.ImageWriter::abortRequested (5 bytes)
Event: 15.453 Thread 0x0000000017794800 nmethod 7904 0x0000000003f95110 code [0x0000000003f95260, 0x0000000003f954d0]
Event: 15.461 Thread 0x000000001778b800 nmethod 7909% 0x0000000003f98a50 code [0x0000000003f98ba0, 0x0000000003f990d8]
Event: 15.461 Thread 0x000000001778b800 7908  s    4       java.io.ByteArrayInputStream::read (36 bytes)

GC Heap History (10 events):
Event: 6.172 GC heap before
{Heap before GC invocations=10 (full 2):
 PSYoungGen      total 200704K, used 8464K [0x00000000d5580000, 0x00000000e2e80000, 0x0000000100000000)
  eden space 186880K, 0% used [0x00000000d5580000,0x00000000d5580000,0x00000000e0c00000)
  from space 13824K, 61% used [0x00000000e1980000,0x00000000e21c4390,0x00000000e2700000)
  to   space 13824K, 0% used [0x00000000e0c00000,0x00000000e0c00000,0x00000000e1980000)
 ParOldGen       total 55296K, used 10950K [0x0000000080000000, 0x0000000083600000, 0x00000000d5580000)
  object space 55296K, 19% used [0x0000000080000000,0x0000000080ab18f8,0x0000000083600000)
 Metaspace       used 34361K, capacity 35432K, committed 35496K, reserved 1079296K
  class space    used 4734K, capacity 5007K, committed 5040K, reserved 1048576K
Event: 6.239 GC heap after
Heap after GC invocations=10 (full 2):
 PSYoungGen      total 200704K, used 0K [0x00000000d5580000, 0x00000000e2e80000, 0x0000000100000000)
  eden space 186880K, 0% used [0x00000000d5580000,0x00000000d5580000,0x00000000e0c00000)
  from space 13824K, 0% used [0x00000000e1980000,0x00000000e1980000,0x00000000e2700000)
  to   space 13824K, 0% used [0x00000000e0c00000,0x00000000e0c00000,0x00000000e1980000)
 ParOldGen       total 82432K, used 14830K [0x0000000080000000, 0x0000000085080000, 0x00000000d5580000)
  object space 82432K, 17% used [0x0000000080000000,0x0000000080e7b820,0x0000000085080000)
 Metaspace       used 34361K, capacity 35432K, committed 35496K, reserved 1079296K
  class space    used 4734K, capacity 5007K, committed 5040K, reserved 1048576K
}
Event: 8.014 GC heap before
{Heap before GC invocations=11 (full 2):
 PSYoungGen      total 200704K, used 186880K [0x00000000d5580000, 0x00000000e2e80000, 0x0000000100000000)
  eden space 186880K, 100% used [0x00000000d5580000,0x00000000e0c00000,0x00000000e0c00000)
  from space 13824K, 0% used [0x00000000e1980000,0x00000000e1980000,0x00000000e2700000)
  to   space 13824K, 0% used [0x00000000e0c00000,0x00000000e0c00000,0x00000000e1980000)
 ParOldGen       total 82432K, used 14830K [0x0000000080000000, 0x0000000085080000, 0x00000000d5580000)
  object space 82432K, 17% used [0x0000000080000000,0x0000000080e7b820,0x0000000085080000)
 Metaspace       used 45427K, capacity 47200K, committed 47528K, reserved 1089536K
  class space    used 6156K, capacity 6492K, committed 6576K, reserved 1048576K
Event: 8.037 GC heap after
Heap after GC invocations=11 (full 2):
 PSYoungGen      total 200704K, used 13796K [0x00000000d5580000, 0x00000000e6000000, 0x0000000100000000)
  eden space 186880K, 0% used [0x00000000d5580000,0x00000000d5580000,0x00000000e0c00000)
  from space 13824K, 99% used [0x00000000e0c00000,0x00000000e19792a0,0x00000000e1980000)
  to   space 15872K, 0% used [0x00000000e5080000,0x00000000e5080000,0x00000000e6000000)
 ParOldGen       total 82432K, used 15687K [0x0000000080000000, 0x0000000085080000, 0x00000000d5580000)
  object space 82432K, 19% used [0x0000000080000000,0x0000000080f51ca8,0x0000000085080000)
 Metaspace       used 45427K, capacity 47200K, committed 47528K, reserved 1089536K
  class space    used 6156K, capacity 6492K, committed 6576K, reserved 1048576K
}
Event: 9.860 GC heap before
{Heap before GC invocations=12 (full 2):
 PSYoungGen      total 200704K, used 155707K [0x00000000d5580000, 0x00000000e6000000, 0x0000000100000000)
  eden space 186880K, 75% used [0x00000000d5580000,0x00000000de015ab0,0x00000000e0c00000)
  from space 13824K, 99% used [0x00000000e0c00000,0x00000000e19792a0,0x00000000e1980000)
  to   space 15872K, 0% used [0x00000000e5080000,0x00000000e5080000,0x00000000e6000000)
 ParOldGen       total 82432K, used 15687K [0x0000000080000000, 0x0000000085080000, 0x00000000d5580000)
  object space 82432K, 19% used [0x0000000080000000,0x0000000080f51ca8,0x0000000085080000)
 Metaspace       used 56758K, capacity 59092K, committed 59160K, reserved 1099776K
  class space    used 7774K, capacity 8215K, committed 8240K, reserved 1048576K
Event: 9.909 GC heap after
Heap after GC invocations=12 (full 2):
 PSYoungGen      total 251904K, used 15852K [0x00000000d5580000, 0x00000000e6c00000, 0x0000000100000000)
  eden space 236032K, 0% used [0x00000000d5580000,0x00000000d5580000,0x00000000e3c00000)
  from space 15872K, 99% used [0x00000000e5080000,0x00000000e5ffb310,0x00000000e6000000)
  to   space 20992K, 0% used [0x00000000e3c00000,0x00000000e3c00000,0x00000000e5080000)
 ParOldGen       total 82432K, used 24245K [0x0000000080000000, 0x0000000085080000, 0x00000000d5580000)
  object space 82432K, 29% used [0x0000000080000000,0x00000000817ad698,0x0000000085080000)
 Metaspace       used 56758K, capacity 59092K, committed 59160K, reserved 1099776K
  class space    used 7774K, capacity 8215K, committed 8240K, reserved 1048576K
}
Event: 9.909 GC heap before
{Heap before GC invocations=13 (full 3):
 PSYoungGen      total 251904K, used 15852K [0x00000000d5580000, 0x00000000e6c00000, 0x0000000100000000)
  eden space 236032K, 0% used [0x00000000d5580000,0x00000000d5580000,0x00000000e3c00000)
  from space 15872K, 99% used [0x00000000e5080000,0x00000000e5ffb310,0x00000000e6000000)
  to   space 20992K, 0% used [0x00000000e3c00000,0x00000000e3c00000,0x00000000e5080000)
 ParOldGen       total 82432K, used 24245K [0x0000000080000000, 0x0000000085080000, 0x00000000d5580000)
  object space 82432K, 29% used [0x0000000080000000,0x00000000817ad698,0x0000000085080000)
 Metaspace       used 56758K, capacity 59092K, committed 59160K, reserved 1099776K
  class space    used 7774K, capacity 8215K, committed 8240K, reserved 1048576K
Event: 10.199 GC heap after
Heap after GC invocations=13 (full 3):
 PSYoungGen      total 251904K, used 0K [0x00000000d5580000, 0x00000000e6c00000, 0x0000000100000000)
  eden space 236032K, 0% used [0x00000000d5580000,0x00000000d5580000,0x00000000e3c00000)
  from space 15872K, 0% used [0x00000000e5080000,0x00000000e5080000,0x00000000e6000000)
  to   space 20992K, 0% used [0x00000000e3c00000,0x00000000e3c00000,0x00000000e5080000)
 ParOldGen       total 129536K, used 36197K [0x0000000080000000, 0x0000000087e80000, 0x00000000d5580000)
  object space 129536K, 27% used [0x0000000080000000,0x00000000823595a8,0x0000000087e80000)
 Metaspace       used 56726K, capacity 58984K, committed 59160K, reserved 1099776K
  class space    used 7764K, capacity 8197K, committed 8240K, reserved 1048576K
}
Event: 15.332 GC heap before
{Heap before GC invocations=14 (full 3):
 PSYoungGen      total 251904K, used 236032K [0x00000000d5580000, 0x00000000e6c00000, 0x0000000100000000)
  eden space 236032K, 100% used [0x00000000d5580000,0x00000000e3c00000,0x00000000e3c00000)
  from space 15872K, 0% used [0x00000000e5080000,0x00000000e5080000,0x00000000e6000000)
  to   space 20992K, 0% used [0x00000000e3c00000,0x00000000e3c00000,0x00000000e5080000)
 ParOldGen       total 129536K, used 36197K [0x0000000080000000, 0x0000000087e80000, 0x00000000d5580000)
  object space 129536K, 27% used [0x0000000080000000,0x00000000823595a8,0x0000000087e80000)
 Metaspace       used 67115K, capacity 70266K, committed 70552K, reserved 1110016K
  class space    used 9183K, capacity 9798K, committed 9904K, reserved 1048576K
Event: 15.383 GC heap after
Heap after GC invocations=14 (full 3):
 PSYoungGen      total 257024K, used 20967K [0x00000000d5580000, 0x00000000e9f00000, 0x0000000100000000)
  eden space 236032K, 0% used [0x00000000d5580000,0x00000000d5580000,0x00000000e3c00000)
  from space 20992K, 99% used [0x00000000e3c00000,0x00000000e5079da8,0x00000000e5080000)
  to   space 27648K, 0% used [0x00000000e8400000,0x00000000e8400000,0x00000000e9f00000)
 ParOldGen       total 129536K, used 45596K [0x0000000080000000, 0x0000000087e80000, 0x00000000d5580000)
  object space 129536K, 35% used [0x0000000080000000,0x0000000082c87250,0x0000000087e80000)
 Metaspace       used 67115K, capacity 70266K, committed 70552K, reserved 1110016K
  class space    used 9183K, capacity 9798K, committed 9904K, reserved 1048576K
}

Deoptimization events (10 events):
Event: 15.037 Thread 0x000000001f21e000 Uncommon trap: reason=null_check action=make_not_entrant pc=0x0000000003e9eae0 method=com.android.ide.common.resources.NodeUtils.processSingleNodeNamespace(Lorg/w3c/dom/Node;Lorg/w3c/dom/Document;)Z @ 8
Event: 15.063 Thread 0x000000001f21e000 Uncommon trap: reason=class_check action=maybe_recompile pc=0x0000000003eb98c0 method=com.sun.org.apache.xerces.internal.dom.NamedNodeMapImpl.item(I)Lorg/w3c/dom/Node; @ 33
Event: 15.064 Thread 0x000000001f21e000 Uncommon trap: reason=class_check action=maybe_recompile pc=0x0000000003eb98c0 method=com.sun.org.apache.xerces.internal.dom.NamedNodeMapImpl.item(I)Lorg/w3c/dom/Node; @ 33
Event: 15.064 Thread 0x000000001f21e000 Uncommon trap: reason=class_check action=maybe_recompile pc=0x0000000003eb98c0 method=com.sun.org.apache.xerces.internal.dom.NamedNodeMapImpl.item(I)Lorg/w3c/dom/Node; @ 33
Event: 15.064 Thread 0x000000001f21e000 Uncommon trap: reason=class_check action=maybe_recompile pc=0x0000000003eb98c0 method=com.sun.org.apache.xerces.internal.dom.NamedNodeMapImpl.item(I)Lorg/w3c/dom/Node; @ 33
Event: 15.091 Thread 0x000000001f21e000 Uncommon trap: reason=unstable_if action=reinterpret pc=0x0000000002dcb338 method=sun.nio.cs.UTF_8$Encoder.encodeArrayLoop(Ljava/nio/CharBuffer;Ljava/nio/ByteBuffer;)Ljava/nio/charset/CoderResult; @ 113
Event: 15.104 Thread 0x000000001f21e000 Uncommon trap: reason=bimorphic action=maybe_recompile pc=0x0000000003d181e8 method=com.sun.org.apache.xerces.internal.dom.AttributeMap.setNamedItem(Lorg/w3c/dom/Node;)Lorg/w3c/dom/Node; @ 4
Event: 15.107 Thread 0x000000001f21e000 Uncommon trap: reason=bimorphic action=maybe_recompile pc=0x0000000003d181e8 method=com.sun.org.apache.xerces.internal.dom.AttributeMap.setNamedItem(Lorg/w3c/dom/Node;)Lorg/w3c/dom/Node; @ 4
Event: 15.411 Thread 0x000000001f21e000 Uncommon trap: reason=class_check action=maybe_recompile pc=0x0000000003ef5144 method=com.sun.org.apache.xerces.internal.dom.NamedNodeMapImpl.item(I)Lorg/w3c/dom/Node; @ 33
Event: 15.424 Thread 0x000000001f21e000 Uncommon trap: reason=unstable_if action=reinterpret pc=0x0000000003f19c04 method=sun.nio.cs.UTF_8$Encoder.encodeArrayLoop(Ljava/nio/CharBuffer;Ljava/nio/ByteBuffer;)Ljava/nio/charset/CoderResult; @ 400

Classes redefined (0 events):
No events

Internal exceptions (10 events):
Event: 14.913 Thread 0x000000001f21e000 Exception <a 'java/lang/NoSuchMethodError': <clinit>> (0x00000000e254d1d0) thrown at [C:\src\AOSP-openjdk-git\hotspot\src\share\vm\prims\jni.cpp, line 1615]
Event: 14.913 Thread 0x000000001f21e000 Exception <a 'java/lang/NoSuchMethodError': <clinit>> (0x00000000e2550850) thrown at [C:\src\AOSP-openjdk-git\hotspot\src\share\vm\prims\jni.cpp, line 1615]
Event: 14.914 Thread 0x000000001f21e000 Exception <a 'java/lang/NoSuchMethodError': <clinit>> (0x00000000e2567d48) thrown at [C:\src\AOSP-openjdk-git\hotspot\src\share\vm\prims\jni.cpp, line 1615]
Event: 14.915 Thread 0x000000001f21e000 Exception <a 'java/lang/NoSuchMethodError': <clinit>> (0x00000000e257d758) thrown at [C:\src\AOSP-openjdk-git\hotspot\src\share\vm\prims\jni.cpp, line 1615]
Event: 14.916 Thread 0x000000001f21e000 Exception <a 'java/lang/NoSuchMethodError': <clinit>> (0x00000000e259ac20) thrown at [C:\src\AOSP-openjdk-git\hotspot\src\share\vm\prims\jni.cpp, line 1615]
Event: 14.918 Thread 0x000000001f21e000 Exception <a 'java/lang/NoSuchMethodError': <clinit>> (0x00000000e25ae1a8) thrown at [C:\src\AOSP-openjdk-git\hotspot\src\share\vm\prims\jni.cpp, line 1615]
Event: 14.971 Thread 0x000000001f21e000 Exception <a 'java/lang/NoSuchMethodError': <clinit>> (0x00000000e29e7380) thrown at [C:\src\AOSP-openjdk-git\hotspot\src\share\vm\prims\jni.cpp, line 1615]
Event: 15.037 Thread 0x000000001f21e000 Implicit null exception at 0x0000000003e9e797 to 0x0000000003e9ead1
Event: 15.071 Thread 0x000000001f219800 Exception <a 'java/io/FileNotFoundException'> (0x00000000e2c5c190) thrown at [C:\src\AOSP-openjdk-git\hotspot\src\share\vm\prims\jni.cpp, line 710]
Event: 15.111 Thread 0x000000001f219800 Exception <a 'java/io/FileNotFoundException'> (0x00000000e3051658) thrown at [C:\src\AOSP-openjdk-git\hotspot\src\share\vm\prims\jni.cpp, line 710]

Events (10 events):
Event: 15.426 loading class java/util/zip/Deflater
Event: 15.426 loading class java/util/zip/Deflater done
Event: 15.427 loading class java/awt/image/PixelInterleavedSampleModel
Event: 15.427 loading class java/awt/image/ComponentSampleModel
Event: 15.428 loading class java/awt/image/ComponentSampleModel done
Event: 15.428 loading class java/awt/image/PixelInterleavedSampleModel done
Event: 15.430 Thread 0x000000001f21e000 DEOPT PACKING pc=0x0000000003f78d4f sp=0x000000002aa9abc0
Event: 15.430 Thread 0x000000001f21e000 DEOPT UNPACKING pc=0x00000000029671d0 sp=0x000000002aa9a9b0 mode 0
Event: 15.436 Thread 0x000000001f21e000 DEOPT PACKING pc=0x0000000003f78d4f sp=0x000000002aa9abc0
Event: 15.436 Thread 0x000000001f21e000 DEOPT UNPACKING pc=0x00000000029671d0 sp=0x000000002aa9a9b0 mode 0


Dynamic libraries:
0x00007ff613ce0000 - 0x00007ff613d11000 	D:\android studio\jre\bin\java.exe
0x00007ffeaa950000 - 0x00007ffeaab46000 	C:\Windows\SYSTEM32\ntdll.dll
0x00007ffeaa5b0000 - 0x00007ffeaa66d000 	C:\Windows\System32\KERNEL32.DLL
0x00007ffea81a0000 - 0x00007ffea8468000 	C:\Windows\System32\KERNELBASE.dll
0x00007ffeaa030000 - 0x00007ffeaa0da000 	C:\Windows\System32\ADVAPI32.dll
0x00007ffea9f90000 - 0x00007ffeaa02e000 	C:\Windows\System32\msvcrt.dll
0x00007ffea9e60000 - 0x00007ffea9efb000 	C:\Windows\System32\sechost.dll
0x00007ffea9450000 - 0x00007ffea9574000 	C:\Windows\System32\RPCRT4.dll
0x00007ffeaa0e0000 - 0x00007ffeaa280000 	C:\Windows\System32\USER32.dll
0x00007ffea8470000 - 0x00007ffea8492000 	C:\Windows\System32\win32u.dll
0x00007ffea9f00000 - 0x00007ffea9f2a000 	C:\Windows\System32\GDI32.dll
0x00007ffea88b0000 - 0x00007ffea89b9000 	C:\Windows\System32\gdi32full.dll
0x00007ffea8600000 - 0x00007ffea869d000 	C:\Windows\System32\msvcp_win.dll
0x00007ffea80a0000 - 0x00007ffea81a0000 	C:\Windows\System32\ucrtbase.dll
0x00007ffe9cee0000 - 0x00007ffe9d17b000 	C:\Windows\WinSxS\amd64_microsoft.windows.common-controls_6595b64144ccf1df_6.0.19041.488_none_ca04af081b815d21\COMCTL32.dll
0x00007ffea8ab0000 - 0x00007ffea8ae0000 	C:\Windows\System32\IMM32.DLL
0x0000000063c60000 - 0x0000000063d32000 	D:\android studio\jre\jre\bin\msvcr100.dll
0x0000000063e40000 - 0x000000006468b000 	D:\android studio\jre\jre\bin\server\jvm.dll
0x00007ffea89c0000 - 0x00007ffea89c8000 	C:\Windows\System32\PSAPI.DLL
0x00007ffea2990000 - 0x00007ffea299a000 	C:\Windows\SYSTEM32\VERSION.dll
0x00007ffe9cc80000 - 0x00007ffe9cca7000 	C:\Windows\SYSTEM32\WINMM.dll
0x00007ffea3e50000 - 0x00007ffea3e59000 	C:\Windows\SYSTEM32\WSOCK32.dll
0x00007ffea9580000 - 0x00007ffea95eb000 	C:\Windows\System32\WS2_32.dll
0x00007ffea3ca0000 - 0x00007ffea3caf000 	D:\android studio\jre\jre\bin\verify.dll
0x00007ffe9f850000 - 0x00007ffe9f879000 	D:\android studio\jre\jre\bin\java.dll
0x00007ffea3c80000 - 0x00007ffea3c96000 	D:\android studio\jre\jre\bin\zip.dll
0x00007ffea95f0000 - 0x00007ffea9d30000 	C:\Windows\System32\SHELL32.dll
0x00007ffea6210000 - 0x00007ffea69a4000 	C:\Windows\SYSTEM32\windows.storage.dll
0x00007ffea8b50000 - 0x00007ffea8ea5000 	C:\Windows\System32\combase.dll
0x00007ffea7a40000 - 0x00007ffea7a6c000 	C:\Windows\SYSTEM32\Wldp.dll
0x00007ffea8eb0000 - 0x00007ffea8f5e000 	C:\Windows\System32\SHCORE.dll
0x00007ffea8ae0000 - 0x00007ffea8b35000 	C:\Windows\System32\shlwapi.dll
0x00007ffea7fd0000 - 0x00007ffea7ff6000 	C:\Windows\SYSTEM32\profapi.dll
0x00007ffea3c40000 - 0x00007ffea3c5a000 	D:\android studio\jre\jre\bin\net.dll
0x00007ffea77c0000 - 0x00007ffea782a000 	C:\Windows\system32\mswsock.dll
0x00007ffea3c10000 - 0x00007ffea3c23000 	D:\android studio\jre\jre\bin\nio.dll
0x00007ffe8ca00000 - 0x00007ffe8ca27000 	C:\Users\xvlad\.gradle\native\f6784746aeab05261644944871eae4fe03e0ef1612fff0a4a95f87b438bc6780\windows-amd64\native-platform.dll
0x00007ffea3750000 - 0x00007ffea375d000 	D:\android studio\jre\jre\bin\management.dll
0x00007ffea79a0000 - 0x00007ffea79b8000 	C:\Windows\SYSTEM32\CRYPTSP.dll
0x00007ffea7150000 - 0x00007ffea7184000 	C:\Windows\system32\rsaenh.dll
0x00007ffea8880000 - 0x00007ffea88a7000 	C:\Windows\System32\bcrypt.dll
0x00007ffea7f50000 - 0x00007ffea7f7e000 	C:\Windows\SYSTEM32\USERENV.dll
0x00007ffea86a0000 - 0x00007ffea871f000 	C:\Windows\System32\bcryptprimitives.dll
0x00007ffea7990000 - 0x00007ffea799c000 	C:\Windows\SYSTEM32\CRYPTBASE.dll
0x00007ffea74b0000 - 0x00007ffea74eb000 	C:\Windows\SYSTEM32\IPHLPAPI.DLL
0x00007ffeaa280000 - 0x00007ffeaa289000 	C:\Windows\System32\NSI.dll
0x00007ffea28e0000 - 0x00007ffea28f7000 	C:\Windows\SYSTEM32\dhcpcsvc6.DLL
0x00007ffea28c0000 - 0x00007ffea28dd000 	C:\Windows\SYSTEM32\dhcpcsvc.DLL
0x00007ffea74f0000 - 0x00007ffea75bb000 	C:\Windows\SYSTEM32\DNSAPI.dll
0x00007ffea2900000 - 0x00007ffea290b000 	C:\Windows\SYSTEM32\WINNSI.DLL
0x00007ffe93730000 - 0x00007ffe938cc000 	D:\android studio\jre\jre\bin\awt.dll
0x00007ffea9d90000 - 0x00007ffea9e5d000 	C:\Windows\System32\OLEAUT32.dll
0x00007ffea5d20000 - 0x00007ffea5d4f000 	C:\Windows\SYSTEM32\dwmapi.dll
0x00007ffea4680000 - 0x00007ffea4c40000 	C:\Windows\SYSTEM32\d2d1.dll
0x00007ffea5980000 - 0x00007ffea5a10000 	C:\Windows\SYSTEM32\apphelp.dll
0x00007ffea5b50000 - 0x00007ffea5bef000 	C:\Windows\system32\uxtheme.dll

VM Arguments:
jvm_args: -Xmx2048m -Dfile.encoding=UTF-8 -Duser.country=RU -Duser.language=ru -Duser.variant 
java_command: org.gradle.launcher.daemon.bootstrap.GradleDaemon 6.5
java_class_path (initial): C:\Users\xvlad\.gradle\wrapper\dists\gradle-6.5-bin\6nifqtx7604sqp1q6g8wikw7p\gradle-6.5\lib\gradle-launcher-6.5.jar
Launcher Type: SUN_STANDARD

Environment Variables:
PATH=C:\Program Files (x86)\Common Files\Oracle\Java\javapath;C:\ProgramData\Oracle\Java\javapath;C:\Windows\system32;C:\Windows;C:\Windows\System32\Wbem;C:\Windows\System32\WindowsPowerShell\v1.0\;C:\Windows\System32\OpenSSH\;C:\Program Files\Java\jdk1.8.0_281\bin
USERNAME=xvlad
OS=Windows_NT
PROCESSOR_IDENTIFIER=AMD64 Family 21 Model 1 Stepping 2, AuthenticAMD



---------------  S Y S T E M  ---------------

OS: Windows 10.0 , 64 bit Build 19041 (10.0.19041.546)

CPU:total 6 (initial active 6) (6 cores per cpu, 1 threads per core) family 21 model 1 stepping 2, cmov, cx8, fxsr, mmx, sse, sse2, sse3, ssse3, sse4.1, sse4.2, popcnt, avx, aes, clmul, mmxext, 3dnowpref, lzcnt, sse4a, tsc, tscinvbit, tscinv

Memory: 4k page, physical 7469172k(1053928k free), swap 9566324k(5204k free)

vm_info: OpenJDK 64-Bit Server VM (25.242-b01) for windows-amd64 JRE (1.8.0_242-release-1644-b01), built by "builder" with MS VC++ 10.0 (VS2010)

time: Mon Feb 22 14:06:20 2021
timezone: Финляндия (зима)
elapsed time: 15 seconds (0d 0h 0m 15s)

