#
# There is insufficient memory for the Java Runtime Environment to continue.
# Native memory allocation (malloc) failed to allocate 933424 bytes for Chunk::new
# Possible reasons:
#   The system is out of physical RAM or swap space
#   The process is running with CompressedOops enabled, and the Java Heap may be blocking the growth of the native heap
# Possible solutions:
#   Reduce memory load on the system
#   Increase physical memory or swap space
#   Check if swap backing store is full
#   Decrease Java heap size (-Xmx/-Xms)
#   Decrease number of Java threads
#   Decrease Java thread stack sizes (-Xss)
#   Set larger code cache with -XX:ReservedCodeCacheSize=
#   JVM is running with Unscaled Compressed Oops mode in which the Java heap is
#     placed in the first 4GB address space. The Java Heap base address is the
#     maximum limit for the native heap growth. Please use -XX:HeapBaseMinAddress
#     to set the Java Heap base and to place the Java Heap above 4GB virtual address.
# This output file may be truncated or incomplete.
#
#  Out of Memory Error (allocation.cpp:389), pid=1564, tid=0x00000000000017a0
#
# JRE version: OpenJDK Runtime Environment (8.0_242-b01) (build 1.8.0_242-release-1644-b01)
# Java VM: OpenJDK 64-Bit Server VM (25.242-b01 mixed mode windows-amd64 compressed oops)
# Failed to write core dump. Minidumps are not enabled by default on client versions of Windows
#

---------------  T H R E A D  ---------------

Current thread (0x0000000017cae800):  JavaThread "C2 CompilerThread1" daemon [_thread_in_native, id=6048, stack(0x0000000019a40000,0x0000000019b40000)]

Stack: [0x0000000019a40000,0x0000000019b40000]
[error occurred during error reporting (printing stack bounds), id 0xc0000005]

Native frames: (J=compiled Java code, j=interpreted, Vv=VM code, C=native code)


Current CompileTask:
C2:  15589 7486       4       com.android.utils.XmlUtils::append (639 bytes)


---------------  P R O C E S S  ---------------

Java Threads: ( => current thread )
  0x0000000020351800 JavaThread "stdout" [_thread_in_native, id=9236, stack(0x000000002c020000,0x000000002c120000)]
  0x0000000020350800 JavaThread "stderr" [_thread_in_native, id=9424, stack(0x000000002bf20000,0x000000002c020000)]
  0x0000000020350000 JavaThread "stdout" [_thread_in_native, id=5916, stack(0x000000002bd20000,0x000000002be20000)]
  0x000000002034c000 JavaThread "stderr" [_thread_in_native, id=936, stack(0x000000002bc20000,0x000000002bd20000)]
  0x0000000020352000 JavaThread "stdout" [_thread_in_native, id=4196, stack(0x000000002bb20000,0x000000002bc20000)]
  0x000000002034f000 JavaThread "stderr" [_thread_in_native, id=11368, stack(0x000000002ba20000,0x000000002bb20000)]
  0x000000001e91d800 JavaThread "stdout" [_thread_in_native, id=9156, stack(0x000000002b920000,0x000000002ba20000)]
  0x000000001e91e000 JavaThread "stderr" [_thread_in_native, id=7468, stack(0x000000002b820000,0x000000002b920000)]
  0x000000001e91c800 JavaThread "pool-2-thread-1" [_thread_blocked, id=4928, stack(0x000000002b720000,0x000000002b820000)]
  0x000000001e921000 JavaThread "WorkerExecutor Queue Thread 4" [_thread_blocked, id=6608, stack(0x000000002b620000,0x000000002b720000)]
  0x000000001e91b000 JavaThread "WorkerExecutor Queue Thread 3" [_thread_blocked, id=11600, stack(0x000000002b520000,0x000000002b620000)]
  0x000000001e920800 JavaThread "WorkerExecutor Queue Thread 2" [_thread_blocked, id=7116, stack(0x000000002b420000,0x000000002b520000)]
  0x000000001e91f000 JavaThread "WorkerExecutor Queue" [_thread_blocked, id=3908, stack(0x000000002b320000,0x000000002b420000)]
  0x000000001e918000 JavaThread "Cache worker for execution history cache (D:\Game\.gradle\6.5\executionHistory)" [_thread_blocked, id=6972, stack(0x000000002ae20000,0x000000002af20000)]
  0x000000001e917000 JavaThread "Execution worker for ':' Thread 5" [_thread_blocked, id=2576, stack(0x000000002ad20000,0x000000002ae20000)]
  0x000000001e915000 JavaThread "Execution worker for ':' Thread 4" [_thread_blocked, id=8440, stack(0x000000002ac20000,0x000000002ad20000)]
  0x000000001e912000 JavaThread "Execution worker for ':' Thread 3" [_thread_blocked, id=716, stack(0x000000002ab20000,0x000000002ac20000)]
  0x000000001e916800 JavaThread "Execution worker for ':' Thread 2" [_thread_blocked, id=6108, stack(0x000000002aa20000,0x000000002ab20000)]
  0x000000001e919000 JavaThread "Execution worker for ':'" [_thread_blocked, id=1776, stack(0x000000002a920000,0x000000002aa20000)]
  0x000000001e912800 JavaThread "Cache worker for file content cache (D:\Game\.gradle\6.5\fileContent)" [_thread_blocked, id=5560, stack(0x0000000028fe0000,0x00000000290e0000)]
  0x000000001e915800 JavaThread "Memory manager" [_thread_blocked, id=6528, stack(0x00000000273c0000,0x00000000274c0000)]
  0x000000001f5c3000 JavaThread "pool-1-thread-1" [_thread_blocked, id=1508, stack(0x00000000284e0000,0x00000000285e0000)]
  0x000000001f5c3800 JavaThread "Cache worker for Build Output Cleanup Cache (D:\Game\.gradle\buildOutputCleanup)" [_thread_blocked, id=7628, stack(0x0000000022e10000,0x0000000022f10000)]
  0x000000001f5c2000 JavaThread "jar transforms Thread 92" [_thread_blocked, id=1820, stack(0x0000000027fe0000,0x00000000280e0000)]
  0x000000001f5c7800 JavaThread "jar transforms Thread 91" [_thread_blocked, id=3768, stack(0x0000000027ee0000,0x0000000027fe0000)]
  0x000000001f5c1800 JavaThread "jar transforms Thread 90" [_thread_blocked, id=32, stack(0x0000000027de0000,0x0000000027ee0000)]
  0x000000001f5c6800 JavaThread "jar transforms Thread 89" [_thread_blocked, id=4988, stack(0x0000000027ce0000,0x0000000027de0000)]
  0x000000001f5c8000 JavaThread "jar transforms Thread 88" [_thread_blocked, id=8632, stack(0x0000000027be0000,0x0000000027ce0000)]
  0x000000001f5c5000 JavaThread "jar transforms Thread 87" [_thread_blocked, id=1216, stack(0x0000000027ae0000,0x0000000027be0000)]
  0x000000001f5c6000 JavaThread "jar transforms Thread 86" [_thread_blocked, id=6220, stack(0x00000000279e0000,0x0000000027ae0000)]
  0x000000001f5ba000 JavaThread "jar transforms Thread 85" [_thread_blocked, id=11544, stack(0x00000000278e0000,0x00000000279e0000)]
  0x000000001f5c0800 JavaThread "jar transforms Thread 84" [_thread_blocked, id=4184, stack(0x00000000277e0000,0x00000000278e0000)]
  0x000000001f5c0000 JavaThread "jar transforms Thread 83" [_thread_blocked, id=5216, stack(0x00000000276e0000,0x00000000277e0000)]
  0x000000001f5bd800 JavaThread "jar transforms Thread 82" [_thread_blocked, id=2724, stack(0x00000000275e0000,0x00000000276e0000)]
  0x000000001f5bf000 JavaThread "jar transforms Thread 81" [_thread_blocked, id=7980, stack(0x00000000274e0000,0x00000000275e0000)]
  0x000000001f5ba800 JavaThread "jar transforms Thread 80" [_thread_blocked, id=120, stack(0x0000000022d10000,0x0000000022e10000)]
  0x000000001f5bc000 JavaThread "jar transforms Thread 79" [_thread_blocked, id=11504, stack(0x00000000272c0000,0x00000000273c0000)]
  0x000000001f5be800 JavaThread "jar transforms Thread 78" [_thread_blocked, id=1504, stack(0x00000000271c0000,0x00000000272c0000)]
  0x000000001f5bd000 JavaThread "jar transforms Thread 77" [_thread_blocked, id=9908, stack(0x00000000270c0000,0x00000000271c0000)]
  0x000000001f5bb800 JavaThread "jar transforms Thread 76" [_thread_blocked, id=6232, stack(0x0000000026fc0000,0x00000000270c0000)]
  0x000000001f0a0000 JavaThread "jar transforms Thread 75" [_thread_blocked, id=6992, stack(0x0000000026ec0000,0x0000000026fc0000)]
  0x000000001f0a0800 JavaThread "jar transforms Thread 74" [_thread_blocked, id=848, stack(0x0000000026dc0000,0x0000000026ec0000)]
  0x000000001f09e800 JavaThread "jar transforms Thread 73" [_thread_blocked, id=7148, stack(0x0000000026cc0000,0x0000000026dc0000)]
  0x000000001f09d800 JavaThread "jar transforms Thread 72" [_thread_blocked, id=11424, stack(0x0000000026bc0000,0x0000000026cc0000)]
  0x000000001f09d000 JavaThread "jar transforms Thread 71" [_thread_blocked, id=4688, stack(0x0000000026ac0000,0x0000000026bc0000)]
  0x000000001f09c000 JavaThread "jar transforms Thread 70" [_thread_blocked, id=10396, stack(0x00000000269c0000,0x0000000026ac0000)]
  0x000000001f09b800 JavaThread "jar transforms Thread 69" [_thread_blocked, id=5160, stack(0x00000000268c0000,0x00000000269c0000)]
  0x000000001f0a1800 JavaThread "jar transforms Thread 68" [_thread_blocked, id=7360, stack(0x00000000267c0000,0x00000000268c0000)]
  0x000000001f09f000 JavaThread "jar transforms Thread 67" [_thread_blocked, id=9796, stack(0x00000000266c0000,0x00000000267c0000)]
  0x000000001f094000 JavaThread "jar transforms Thread 66" [_thread_blocked, id=9684, stack(0x00000000265c0000,0x00000000266c0000)]
  0x000000001f09a000 JavaThread "jar transforms Thread 65" [_thread_blocked, id=7492, stack(0x00000000264c0000,0x00000000265c0000)]
  0x000000001f09a800 JavaThread "jar transforms Thread 64" [_thread_blocked, id=11160, stack(0x00000000263c0000,0x00000000264c0000)]
  0x000000001f092800 JavaThread "jar transforms Thread 63" [_thread_blocked, id=11152, stack(0x00000000262c0000,0x00000000263c0000)]
  0x000000001f098800 JavaThread "jar transforms Thread 62" [_thread_blocked, id=4080, stack(0x00000000261c0000,0x00000000262c0000)]
  0x000000001f097800 JavaThread "jar transforms Thread 61" [_thread_blocked, id=4984, stack(0x00000000260c0000,0x00000000261c0000)]
  0x000000001f095800 JavaThread "jar transforms Thread 60" [_thread_blocked, id=5148, stack(0x0000000025fc0000,0x00000000260c0000)]
  0x000000001f097000 JavaThread "jar transforms Thread 59" [_thread_blocked, id=8704, stack(0x0000000025ec0000,0x0000000025fc0000)]
  0x000000001f093000 JavaThread "jar transforms Thread 58" [_thread_blocked, id=11812, stack(0x0000000025dc0000,0x0000000025ec0000)]
  0x000000001f099000 JavaThread "jar transforms Thread 57" [_thread_blocked, id=6892, stack(0x0000000025cc0000,0x0000000025dc0000)]
  0x000000001f094800 JavaThread "jar transforms Thread 56" [_thread_blocked, id=4192, stack(0x0000000025bc0000,0x0000000025cc0000)]
  0x000000001f096000 JavaThread "jar transforms Thread 55" [_thread_blocked, id=6828, stack(0x0000000025ac0000,0x0000000025bc0000)]
  0x000000001f091800 JavaThread "jar transforms Thread 54" [_thread_blocked, id=2032, stack(0x00000000259c0000,0x0000000025ac0000)]
  0x000000001f090800 JavaThread "jar transforms Thread 53" [_thread_blocked, id=7428, stack(0x00000000258c0000,0x00000000259c0000)]
  0x000000001f090000 JavaThread "jar transforms Thread 52" [_thread_blocked, id=10596, stack(0x00000000257c0000,0x00000000258c0000)]
  0x000000001f08f000 JavaThread "jar transforms Thread 51" [_thread_blocked, id=4272, stack(0x00000000256c0000,0x00000000257c0000)]
  0x000000001f08e800 JavaThread "jar transforms Thread 50" [_thread_blocked, id=11624, stack(0x00000000255c0000,0x00000000256c0000)]
  0x000000001f087000 JavaThread "jar transforms Thread 49" [_thread_blocked, id=1684, stack(0x00000000254c0000,0x00000000255c0000)]
  0x000000001f08d800 JavaThread "jar transforms Thread 48" [_thread_blocked, id=5924, stack(0x00000000253c0000,0x00000000254c0000)]
  0x000000001f086000 JavaThread "jar transforms Thread 47" [_thread_blocked, id=11312, stack(0x00000000252c0000,0x00000000253c0000)]
  0x000000001f08d000 JavaThread "jar transforms Thread 46" [_thread_blocked, id=6592, stack(0x00000000251c0000,0x00000000252c0000)]
  0x000000001f087800 JavaThread "jar transforms Thread 45" [_thread_blocked, id=340, stack(0x00000000250c0000,0x00000000251c0000)]
  0x000000001f085800 JavaThread "jar transforms Thread 44" [_thread_blocked, id=3112, stack(0x0000000024fc0000,0x00000000250c0000)]
  0x000000001f08c000 JavaThread "jar transforms Thread 43" [_thread_blocked, id=8868, stack(0x0000000024ec0000,0x0000000024fc0000)]
  0x000000001f08b800 JavaThread "jar transforms Thread 42" [_thread_blocked, id=12084, stack(0x0000000024dc0000,0x0000000024ec0000)]
  0x000000001f088800 JavaThread "jar transforms Thread 41" [_thread_blocked, id=588, stack(0x0000000024cc0000,0x0000000024dc0000)]
  0x000000001f084800 JavaThread "jar transforms Thread 40" [_thread_blocked, id=8988, stack(0x0000000024bc0000,0x0000000024cc0000)]
  0x000000001f08a800 JavaThread "jar transforms Thread 39" [_thread_blocked, id=4240, stack(0x0000000024ac0000,0x0000000024bc0000)]
  0x000000001f08a000 JavaThread "jar transforms Thread 38" [_thread_blocked, id=8760, stack(0x00000000249c0000,0x0000000024ac0000)]
  0x000000001f082800 JavaThread "jar transforms Thread 37" [_thread_blocked, id=6020, stack(0x00000000248c0000,0x00000000249c0000)]
  0x000000001f084000 JavaThread "jar transforms Thread 36" [_thread_blocked, id=8348, stack(0x00000000247c0000,0x00000000248c0000)]
  0x000000001f083000 JavaThread "jar transforms Thread 35" [_thread_blocked, id=4820, stack(0x00000000246c0000,0x00000000247c0000)]
  0x000000001f089000 JavaThread "jar transforms Thread 34" [_thread_blocked, id=484, stack(0x00000000245c0000,0x00000000246c0000)]
  0x000000001e642800 JavaThread "jar transforms Thread 33" [_thread_blocked, id=5316, stack(0x00000000244c0000,0x00000000245c0000)]
  0x000000001e63b000 JavaThread "jar transforms Thread 32" [_thread_blocked, id=7684, stack(0x00000000243c0000,0x00000000244c0000)]
  0x000000001e642000 JavaThread "jar transforms Thread 31" [_thread_blocked, id=11324, stack(0x00000000242c0000,0x00000000243c0000)]
  0x000000001e63e000 JavaThread "jar transforms Thread 30" [_thread_blocked, id=6448, stack(0x00000000241c0000,0x00000000242c0000)]
  0x000000001e63d000 JavaThread "jar transforms Thread 29" [_thread_blocked, id=9544, stack(0x00000000240c0000,0x00000000241c0000)]
  0x000000001e641000 JavaThread "jar transforms Thread 28" [_thread_blocked, id=3708, stack(0x0000000023fc0000,0x00000000240c0000)]
  0x000000001e640800 JavaThread "jar transforms Thread 27" [_thread_blocked, id=1964, stack(0x0000000023ec0000,0x0000000023fc0000)]
  0x000000001e63c800 JavaThread "jar transforms Thread 26" [_thread_blocked, id=11888, stack(0x0000000023dc0000,0x0000000023ec0000)]
  0x000000001e63f000 JavaThread "jar transforms Thread 25" [_thread_blocked, id=3028, stack(0x0000000023cc0000,0x0000000023dc0000)]
  0x000000001e63f800 JavaThread "jar transforms Thread 24" [_thread_blocked, id=7252, stack(0x0000000023bc0000,0x0000000023cc0000)]
  0x000000001e63b800 JavaThread "jar transforms Thread 23" [_thread_blocked, id=10036, stack(0x0000000023ac0000,0x0000000023bc0000)]
  0x000000001e633800 JavaThread "jar transforms Thread 22" [_thread_blocked, id=5220, stack(0x00000000239c0000,0x0000000023ac0000)]
  0x000000001e634000 JavaThread "jar transforms Thread 21" [_thread_blocked, id=5356, stack(0x00000000238c0000,0x00000000239c0000)]
  0x000000001e636800 JavaThread "jar transforms Thread 20" [_thread_blocked, id=1432, stack(0x00000000237c0000,0x00000000238c0000)]
  0x000000001e635000 JavaThread "jar transforms Thread 19" [_thread_blocked, id=8444, stack(0x00000000236c0000,0x00000000237c0000)]
  0x000000001e637000 JavaThread "jar transforms Thread 18" [_thread_blocked, id=432, stack(0x00000000235c0000,0x00000000236c0000)]
  0x000000001e63a000 JavaThread "jar transforms Thread 17" [_thread_blocked, id=5540, stack(0x00000000234c0000,0x00000000235c0000)]
  0x000000001e639800 JavaThread "jar transforms Thread 16" [_thread_blocked, id=11780, stack(0x00000000233c0000,0x00000000234c0000)]
  0x000000001e638000 JavaThread "jar transforms Thread 15" [_thread_blocked, id=5432, stack(0x00000000232c0000,0x00000000233c0000)]
  0x000000001e635800 JavaThread "jar transforms Thread 14" [_thread_blocked, id=7720, stack(0x00000000231c0000,0x00000000232c0000)]
  0x000000001e638800 JavaThread "jar transforms Thread 13" [_thread_blocked, id=6076, stack(0x00000000230c0000,0x00000000231c0000)]
  0x000000001eee5800 JavaThread "jar transforms Thread 12" [_thread_blocked, id=5108, stack(0x0000000022fc0000,0x00000000230c0000)]
  0x000000001eee2000 JavaThread "jar transforms Thread 11" [_thread_blocked, id=7908, stack(0x0000000022c10000,0x0000000022d10000)]
  0x000000001eee3800 JavaThread "jar transforms Thread 10" [_thread_blocked, id=1300, stack(0x0000000022b10000,0x0000000022c10000)]
  0x000000001eee2800 JavaThread "jar transforms Thread 9" [_thread_blocked, id=7140, stack(0x0000000022a10000,0x0000000022b10000)]
  0x000000001eee1000 JavaThread "jar transforms Thread 8" [_thread_blocked, id=7052, stack(0x0000000022910000,0x0000000022a10000)]
  0x000000001eedf800 JavaThread "jar transforms Thread 7" [_thread_blocked, id=7028, stack(0x0000000022810000,0x0000000022910000)]
  0x000000001eee5000 JavaThread "jar transforms Thread 6" [_thread_blocked, id=2136, stack(0x0000000022610000,0x0000000022710000)]
  0x000000001eee0800 JavaThread "jar transforms Thread 5" [_thread_blocked, id=5620, stack(0x0000000022510000,0x0000000022610000)]
  0x000000001eee4000 JavaThread "jar transforms Thread 4" [_thread_blocked, id=6124, stack(0x0000000022410000,0x0000000022510000)]
  0x000000001eed9000 JavaThread "jar transforms Thread 3" [_thread_blocked, id=5556, stack(0x0000000022310000,0x0000000022410000)]
  0x000000001eedf000 JavaThread "jar transforms Thread 2" [_thread_blocked, id=11136, stack(0x0000000022210000,0x0000000022310000)]
  0x000000001eed7800 JavaThread "Build operations Thread 6" [_thread_blocked, id=10788, stack(0x0000000022110000,0x0000000022210000)]
  0x000000001eeda800 JavaThread "Build operations Thread 5" [_thread_blocked, id=11908, stack(0x0000000022010000,0x0000000022110000)]
  0x000000001eed9800 JavaThread "Build operations Thread 4" [_thread_blocked, id=4992, stack(0x0000000021f10000,0x0000000022010000)]
  0x000000001eede000 JavaThread "Build operations Thread 3" [_thread_blocked, id=4368, stack(0x0000000021e10000,0x0000000021f10000)]
  0x000000001eedc800 JavaThread "Build operations Thread 2" [_thread_blocked, id=6260, stack(0x0000000021d10000,0x0000000021e10000)]
  0x000000001eed6800 JavaThread "Build operations" [_thread_blocked, id=8316, stack(0x0000000021c10000,0x0000000021d10000)]
  0x000000001b2fc800 JavaThread "Cache worker for file content cache (C:\Users\xvlad\.gradle\caches\6.5\fileContent)" [_thread_blocked, id=12148, stack(0x0000000021510000,0x0000000021610000)]
  0x000000001b2fa800 JavaThread "jar transforms" [_thread_blocked, id=420, stack(0x0000000021410000,0x0000000021510000)]
  0x000000001b2fa000 JavaThread "Cache worker for execution history cache (C:\Users\xvlad\.gradle\caches\6.5\executionHistory)" [_thread_blocked, id=5768, stack(0x0000000020d10000,0x0000000020e10000)]
  0x000000001b2f9000 JavaThread "Cache worker for cache directory md-rule (C:\Users\xvlad\.gradle\caches\6.5\md-rule)" [_thread_blocked, id=11576, stack(0x0000000020c10000,0x0000000020d10000)]
  0x000000001b2ff800 JavaThread "Cache worker for cache directory md-supplier (C:\Users\xvlad\.gradle\caches\6.5\md-supplier)" [_thread_blocked, id=11008, stack(0x0000000020b10000,0x0000000020c10000)]
  0x000000001b2fb800 JavaThread "Cache worker for checksums cache (D:\Game\.gradle\checksums)" [_thread_blocked, id=11348, stack(0x0000000020a10000,0x0000000020b10000)]
  0x000000001b2fe000 JavaThread "Cache worker for file hash cache (D:\Game\.gradle\6.5\fileHashes)" [_thread_blocked, id=1236, stack(0x0000000020710000,0x0000000020810000)]
  0x000000001b2fe800 JavaThread "Cache worker for file hash cache (C:\Users\xvlad\.gradle\caches\6.5\fileHashes)" [_thread_blocked, id=1860, stack(0x000000001e270000,0x000000001e370000)]
  0x000000001b300000 JavaThread "File lock request listener" [_thread_in_native, id=10740, stack(0x000000001e170000,0x000000001e270000)]
  0x000000001bb81800 JavaThread "Cache worker for journal cache (C:\Users\xvlad\.gradle\caches\journal-1)" [_thread_blocked, id=2920, stack(0x000000001e070000,0x000000001e170000)]
  0x000000001bb44000 JavaThread "Thread-9" [_thread_blocked, id=2488, stack(0x000000001dd70000,0x000000001de70000)]
  0x000000001bb2b800 JavaThread "Stdin handler" [_thread_blocked, id=11068, stack(0x000000001dc70000,0x000000001dd70000)]
  0x000000001bb54800 JavaThread "Asynchronous log dispatcher for DefaultDaemonConnection: socket connection from /127.0.0.1:62749 to /127.0.0.1:62750" [_thread_blocked, id=1256, stack(0x000000001db70000,0x000000001dc70000)]
  0x000000001bb53800 JavaThread "Daemon worker" [_thread_in_native, id=11844, stack(0x000000001da70000,0x000000001db70000)]
  0x000000001bb50800 JavaThread "Cancel handler" [_thread_blocked, id=9440, stack(0x000000001d970000,0x000000001da70000)]
  0x000000001b3e2000 JavaThread "Handler for socket connection from /127.0.0.1:62749 to /127.0.0.1:62750" [_thread_in_native, id=7224, stack(0x000000001d870000,0x000000001d970000)]
  0x000000001bb0b800 JavaThread "Daemon" [_thread_blocked, id=7544, stack(0x000000001d570000,0x000000001d670000)]
  0x000000001a2d5000 JavaThread "Daemon periodic checks" [_thread_blocked, id=2928, stack(0x000000001d470000,0x000000001d570000)]
  0x000000001b4f6800 JavaThread "Incoming local TCP Connector on port 62749" [_thread_in_native, id=4636, stack(0x000000001d220000,0x000000001d320000)]
  0x000000001ba05800 JavaThread "Daemon health stats" [_thread_blocked, id=3752, stack(0x000000001cbe0000,0x000000001cce0000)]
  0x0000000019bb1800 JavaThread "Service Thread" daemon [_thread_blocked, id=8840, stack(0x000000001a040000,0x000000001a140000)]
  0x0000000019b75800 JavaThread "C1 CompilerThread2" daemon [_thread_blocked, id=1912, stack(0x0000000019f40000,0x000000001a040000)]
=>0x0000000017cae800 JavaThread "C2 CompilerThread1" daemon [_thread_in_native, id=6048, stack(0x0000000019a40000,0x0000000019b40000)]
  0x0000000017cab000 JavaThread "C2 CompilerThread0" daemon [_thread_in_native, id=11072, stack(0x0000000019940000,0x0000000019a40000)]
  0x0000000017ca8000 JavaThread "Attach Listener" daemon [_thread_blocked, id=4704, stack(0x0000000019840000,0x0000000019940000)]
  0x0000000017ca4800 JavaThread "Signal Dispatcher" daemon [_thread_blocked, id=7312, stack(0x0000000019740000,0x0000000019840000)]
  0x0000000002e3a800 JavaThread "Finalizer" daemon [_thread_blocked, id=6536, stack(0x0000000019530000,0x0000000019630000)]
  0x0000000017c8b000 JavaThread "Reference Handler" daemon [_thread_blocked, id=3696, stack(0x0000000019430000,0x0000000019530000)]
  0x0000000002d40800 JavaThread "main" [_thread_blocked, id=7804, stack(0x0000000002be0000,0x0000000002ce0000)]

Other Threads:
  0x0000000017c67000 VMThread [stack: 0x0000000019330000,0x0000000019430000] [id=2144]
  0x0000000019bb2800 WatcherThread [stack: 0x000000001a140000,0x000000001a240000] [id=12008]

VM state:not at safepoint (normal execution)

VM Mutex/Monitor currently owned by a thread: None

heap address: 0x0000000080000000, size: 2048 MB, Compressed Oops mode: 32-bit
Narrow klass base: 0x0000000000000000, Narrow klass shift: 3
Compressed class space size: 1073741824 Address: 0x0000000100000000

Heap:
 PSYoungGen      total 275456K, used 209213K [0x00000000d5580000, 0x00000000e8000000, 0x0000000100000000)
  eden space 258560K, 80% used [0x00000000d5580000,0x00000000e21cf430,0x00000000e5200000)
  from space 16896K, 0% used [0x00000000e6780000,0x00000000e6780000,0x00000000e7800000)
  to   space 22016K, 0% used [0x00000000e5200000,0x00000000e5200000,0x00000000e6780000)
 ParOldGen       total 118784K, used 36167K [0x0000000080000000, 0x0000000087400000, 0x00000000d5580000)
  object space 118784K, 30% used [0x0000000080000000,0x0000000082351da8,0x0000000087400000)
 Metaspace       used 65705K, capacity 68862K, committed 69144K, reserved 1107968K
  class space    used 9062K, capacity 9696K, committed 9776K, reserved 1048576K

Card table byte_map: [0x0000000012200000,0x0000000012610000] byte_map_base: 0x0000000011e00000

Marking Bits: (ParMarkBitMap*) 0x000000006460f030
 Begin Bits: [0x0000000012ec0000, 0x0000000014ec0000)
 End Bits:   [0x0000000014ec0000, 0x0000000016ec0000)

Polling page: 0x00000000014e0000

CodeCache: size=245760Kb used=21971Kb max_used=21992Kb free=223788Kb
 bounds [0x0000000002e40000, 0x00000000043f0000, 0x0000000011e40000]
 total_blobs=7678 nmethods=6882 adapters=708
 compilation: enabled

Compilation events (10 events):
Event: 15.564 Thread 0x0000000019b75800 7817       2       com.sun.org.apache.xerces.internal.impl.XMLErrorReporter::setFeature (44 bytes)
Event: 15.564 Thread 0x0000000019b75800 nmethod 7817 0x00000000038d56d0 code [0x00000000038d5860, 0x00000000038d5ab8]
Event: 15.564 Thread 0x0000000019b75800 7818       2       com.sun.org.apache.xerces.internal.util.ParserConfigurationSettings::setFeature (42 bytes)
Event: 15.565 Thread 0x0000000019b75800 nmethod 7818 0x00000000038aaf50 code [0x00000000038ab0e0, 0x00000000038ab348]
Event: 15.565 Thread 0x0000000019b75800 7819       2       com.sun.org.apache.xerces.internal.util.FeatureState::<init> (15 bytes)
Event: 15.565 Thread 0x0000000019b75800 nmethod 7819 0x0000000003a16390 code [0x0000000003a164e0, 0x0000000003a16650]
Event: 15.565 Thread 0x0000000019b75800 7820       2       com.sun.org.apache.xerces.internal.parsers.XIncludeAwareParserConfiguration::getFeatureState (40 bytes)
Event: 15.566 Thread 0x0000000019b75800 nmethod 7820 0x00000000039b5ed0 code [0x00000000039b6060, 0x00000000039b6368]
Event: 15.566 Thread 0x0000000019b75800 7821       2       com.sun.org.apache.xerces.internal.util.FeatureState::is (12 bytes)
Event: 15.566 Thread 0x0000000019b75800 nmethod 7821 0x00000000039b5b50 code [0x00000000039b5ca0, 0x00000000039b5e50]

GC Heap History (10 events):
Event: 7.208 GC heap before
{Heap before GC invocations=9 (full 1):
 PSYoungGen      total 129536K, used 52796K [0x00000000d5580000, 0x00000000e3080000, 0x0000000100000000)
  eden space 118784K, 35% used [0x00000000d5580000,0x00000000d7e8f5f0,0x00000000dc980000)
  from space 10752K, 99% used [0x00000000dc980000,0x00000000dd3ffc78,0x00000000dd400000)
  to   space 13824K, 0% used [0x00000000e2300000,0x00000000e2300000,0x00000000e3080000)
 ParOldGen       total 53248K, used 10844K [0x0000000080000000, 0x0000000083400000, 0x00000000d5580000)
  object space 53248K, 20% used [0x0000000080000000,0x0000000080a97188,0x0000000083400000)
 Metaspace       used 34313K, capacity 35426K, committed 35496K, reserved 1079296K
  class space    used 4716K, capacity 5006K, committed 5040K, reserved 1048576K
Event: 7.225 GC heap after
Heap after GC invocations=9 (full 1):
 PSYoungGen      total 210944K, used 8287K [0x00000000d5580000, 0x00000000e3680000, 0x0000000100000000)
  eden space 197120K, 0% used [0x00000000d5580000,0x00000000d5580000,0x00000000e1600000)
  from space 13824K, 59% used [0x00000000e2300000,0x00000000e2b17ec8,0x00000000e3080000)
  to   space 13312K, 0% used [0x00000000e1600000,0x00000000e1600000,0x00000000e2300000)
 ParOldGen       total 53248K, used 10852K [0x0000000080000000, 0x0000000083400000, 0x00000000d5580000)
  object space 53248K, 20% used [0x0000000080000000,0x0000000080a99188,0x0000000083400000)
 Metaspace       used 34313K, capacity 35426K, committed 35496K, reserved 1079296K
  class space    used 4716K, capacity 5006K, committed 5040K, reserved 1048576K
}
Event: 7.226 GC heap before
{Heap before GC invocations=10 (full 2):
 PSYoungGen      total 210944K, used 8287K [0x00000000d5580000, 0x00000000e3680000, 0x0000000100000000)
  eden space 197120K, 0% used [0x00000000d5580000,0x00000000d5580000,0x00000000e1600000)
  from space 13824K, 59% used [0x00000000e2300000,0x00000000e2b17ec8,0x00000000e3080000)
  to   space 13312K, 0% used [0x00000000e1600000,0x00000000e1600000,0x00000000e2300000)
 ParOldGen       total 53248K, used 10852K [0x0000000080000000, 0x0000000083400000, 0x00000000d5580000)
  object space 53248K, 20% used [0x0000000080000000,0x0000000080a99188,0x0000000083400000)
 Metaspace       used 34313K, capacity 35426K, committed 35496K, reserved 1079296K
  class space    used 4716K, capacity 5006K, committed 5040K, reserved 1048576K
Event: 7.294 GC heap after
Heap after GC invocations=10 (full 2):
 PSYoungGen      total 210944K, used 0K [0x00000000d5580000, 0x00000000e3680000, 0x0000000100000000)
  eden space 197120K, 0% used [0x00000000d5580000,0x00000000d5580000,0x00000000e1600000)
  from space 13824K, 0% used [0x00000000e2300000,0x00000000e2300000,0x00000000e3080000)
  to   space 13312K, 0% used [0x00000000e1600000,0x00000000e1600000,0x00000000e2300000)
 ParOldGen       total 75264K, used 14736K [0x0000000080000000, 0x0000000084980000, 0x00000000d5580000)
  object space 75264K, 19% used [0x0000000080000000,0x0000000080e64188,0x0000000084980000)
 Metaspace       used 34313K, capacity 35426K, committed 35496K, reserved 1079296K
  class space    used 4716K, capacity 5006K, committed 5040K, reserved 1048576K
}
Event: 9.695 GC heap before
{Heap before GC invocations=11 (full 2):
 PSYoungGen      total 210944K, used 197120K [0x00000000d5580000, 0x00000000e3680000, 0x0000000100000000)
  eden space 197120K, 100% used [0x00000000d5580000,0x00000000e1600000,0x00000000e1600000)
  from space 13824K, 0% used [0x00000000e2300000,0x00000000e2300000,0x00000000e3080000)
  to   space 13312K, 0% used [0x00000000e1600000,0x00000000e1600000,0x00000000e2300000)
 ParOldGen       total 75264K, used 14736K [0x0000000080000000, 0x0000000084980000, 0x00000000d5580000)
  object space 75264K, 19% used [0x0000000080000000,0x0000000080e64188,0x0000000084980000)
 Metaspace       used 45444K, capacity 47268K, committed 47528K, reserved 1089536K
  class space    used 6151K, capacity 6492K, committed 6576K, reserved 1048576K
Event: 9.721 GC heap after
Heap after GC invocations=11 (full 2):
 PSYoungGen      total 210432K, used 13307K [0x00000000d5580000, 0x00000000e7800000, 0x0000000100000000)
  eden space 197120K, 0% used [0x00000000d5580000,0x00000000d5580000,0x00000000e1600000)
  from space 13312K, 99% used [0x00000000e1600000,0x00000000e22fee38,0x00000000e2300000)
  to   space 16896K, 0% used [0x00000000e6780000,0x00000000e6780000,0x00000000e7800000)
 ParOldGen       total 75264K, used 18567K [0x0000000080000000, 0x0000000084980000, 0x00000000d5580000)
  object space 75264K, 24% used [0x0000000080000000,0x0000000081221d98,0x0000000084980000)
 Metaspace       used 45444K, capacity 47268K, committed 47528K, reserved 1089536K
  class space    used 6151K, capacity 6492K, committed 6576K, reserved 1048576K
}
Event: 11.876 GC heap before
{Heap before GC invocations=12 (full 2):
 PSYoungGen      total 210432K, used 149611K [0x00000000d5580000, 0x00000000e7800000, 0x0000000100000000)
  eden space 197120K, 69% used [0x00000000d5580000,0x00000000dda9bed8,0x00000000e1600000)
  from space 13312K, 99% used [0x00000000e1600000,0x00000000e22fee38,0x00000000e2300000)
  to   space 16896K, 0% used [0x00000000e6780000,0x00000000e6780000,0x00000000e7800000)
 ParOldGen       total 75264K, used 18567K [0x0000000080000000, 0x0000000084980000, 0x00000000d5580000)
  object space 75264K, 24% used [0x0000000080000000,0x0000000081221d98,0x0000000084980000)
 Metaspace       used 56784K, capacity 59096K, committed 59160K, reserved 1099776K
  class space    used 7772K, capacity 8215K, committed 8240K, reserved 1048576K
Event: 11.916 GC heap after
Heap after GC invocations=12 (full 2):
 PSYoungGen      total 275456K, used 16876K [0x00000000d5580000, 0x00000000e8000000, 0x0000000100000000)
  eden space 258560K, 0% used [0x00000000d5580000,0x00000000d5580000,0x00000000e5200000)
  from space 16896K, 99% used [0x00000000e6780000,0x00000000e77fb330,0x00000000e7800000)
  to   space 22016K, 0% used [0x00000000e5200000,0x00000000e5200000,0x00000000e6780000)
 ParOldGen       total 75264K, used 26102K [0x0000000080000000, 0x0000000084980000, 0x00000000d5580000)
  object space 75264K, 34% used [0x0000000080000000,0x000000008197d998,0x0000000084980000)
 Metaspace       used 56784K, capacity 59096K, committed 59160K, reserved 1099776K
  class space    used 7772K, capacity 8215K, committed 8240K, reserved 1048576K
}
Event: 11.916 GC heap before
{Heap before GC invocations=13 (full 3):
 PSYoungGen      total 275456K, used 16876K [0x00000000d5580000, 0x00000000e8000000, 0x0000000100000000)
  eden space 258560K, 0% used [0x00000000d5580000,0x00000000d5580000,0x00000000e5200000)
  from space 16896K, 99% used [0x00000000e6780000,0x00000000e77fb330,0x00000000e7800000)
  to   space 22016K, 0% used [0x00000000e5200000,0x00000000e5200000,0x00000000e6780000)
 ParOldGen       total 75264K, used 26102K [0x0000000080000000, 0x0000000084980000, 0x00000000d5580000)
  object space 75264K, 34% used [0x0000000080000000,0x000000008197d998,0x0000000084980000)
 Metaspace       used 56784K, capacity 59096K, committed 59160K, reserved 1099776K
  class space    used 7772K, capacity 8215K, committed 8240K, reserved 1048576K
Event: 12.185 GC heap after
Heap after GC invocations=13 (full 3):
 PSYoungGen      total 275456K, used 0K [0x00000000d5580000, 0x00000000e8000000, 0x0000000100000000)
  eden space 258560K, 0% used [0x00000000d5580000,0x00000000d5580000,0x00000000e5200000)
  from space 16896K, 0% used [0x00000000e6780000,0x00000000e6780000,0x00000000e7800000)
  to   space 22016K, 0% used [0x00000000e5200000,0x00000000e5200000,0x00000000e6780000)
 ParOldGen       total 118784K, used 36167K [0x0000000080000000, 0x0000000087400000, 0x00000000d5580000)
  object space 118784K, 30% used [0x0000000080000000,0x0000000082351da8,0x0000000087400000)
 Metaspace       used 56752K, capacity 58988K, committed 59160K, reserved 1099776K
  class space    used 7762K, capacity 8197K, committed 8240K, reserved 1048576K
}

Deoptimization events (10 events):
Event: 15.040 Thread 0x000000001bb53800 Uncommon trap: reason=class_check action=maybe_recompile pc=0x000000000427d100 method=com.google.common.base.CharMatcher.indexIn(Ljava/lang/CharSequence;I)I @ 31
Event: 15.040 Thread 0x000000001bb53800 Uncommon trap: reason=class_check action=maybe_recompile pc=0x000000000427d100 method=com.google.common.base.CharMatcher.indexIn(Ljava/lang/CharSequence;I)I @ 31
Event: 15.040 Thread 0x000000001bb53800 Uncommon trap: reason=class_check action=maybe_recompile pc=0x000000000427d100 method=com.google.common.base.CharMatcher.indexIn(Ljava/lang/CharSequence;I)I @ 31
Event: 15.040 Thread 0x000000001bb53800 Uncommon trap: reason=class_check action=maybe_recompile pc=0x000000000427d100 method=com.google.common.base.CharMatcher.indexIn(Ljava/lang/CharSequence;I)I @ 31
Event: 15.042 Thread 0x000000001bb53800 Uncommon trap: reason=class_check action=maybe_recompile pc=0x00000000042ac71c method=java.util.stream.ReferencePipeline$3$1.accept(Ljava/lang/Object;)V @ 12
Event: 15.042 Thread 0x000000001bb53800 Uncommon trap: reason=class_check action=maybe_recompile pc=0x00000000042ac71c method=java.util.stream.ReferencePipeline$3$1.accept(Ljava/lang/Object;)V @ 12
Event: 15.509 Thread 0x000000001bb53800 Uncommon trap: reason=unstable_if action=reinterpret pc=0x0000000003f4ae80 method=java.util.HashMap.putVal(ILjava/lang/Object;Ljava/lang/Object;ZZ)Ljava/lang/Object; @ 236
Event: 15.509 Thread 0x000000001bb53800 Uncommon trap: reason=unstable_if action=reinterpret pc=0x00000000041cf764 method=com.sun.org.apache.xerces.internal.dom.NodeImpl.getOwnerDocument()Lorg/w3c/dom/Document; @ 4
Event: 15.509 Thread 0x000000001bb53800 Uncommon trap: reason=unstable_if action=reinterpret pc=0x0000000003bbbeac method=java.util.regex.Pattern.closure(Ljava/util/regex/Pattern$Node;)Ljava/util/regex/Pattern$Node; @ 113
Event: 15.510 Thread 0x000000001bb53800 Uncommon trap: reason=unstable_if action=reinterpret pc=0x0000000003eb9338 method=java.util.regex.Pattern$Curly.match(Ljava/util/regex/Matcher;ILjava/lang/CharSequence;)Z @ 45

Classes redefined (0 events):
No events

Internal exceptions (10 events):
Event: 13.846 Thread 0x000000001e919000 Exception <a 'java/lang/NoSuchMethodError': java.lang.Object.lambda$flatMap$0(Ljava/lang/Throwable;)Lorg/gradle/api/internal/artifacts/transform/CacheableInvocation;> (0x00000000da906998) thrown at [C:\src\AOSP-openjdk-git\hotspot\src\share\vm\interpreter
Event: 14.225 Thread 0x000000001e919000 Implicit null exception at 0x0000000003c2a55e to 0x0000000003c2a6e1
Event: 14.340 Thread 0x000000001e919000 Exception <a 'java/lang/NoSuchMethodError': java.lang.Object.lambda$codePoints$1()Ljava/util/Spliterator$OfInt;> (0x00000000dea50048) thrown at [C:\src\AOSP-openjdk-git\hotspot\src\share\vm\interpreter\linkResolver.cpp, line 620]
Event: 14.617 Thread 0x000000001e919000 Implicit null exception at 0x000000000421cd97 to 0x000000000421d0f5
Event: 14.988 Thread 0x000000001e919000 Exception <a 'java/lang/NoSuchMethodError': <clinit>> (0x00000000e106c158) thrown at [C:\src\AOSP-openjdk-git\hotspot\src\share\vm\prims\jni.cpp, line 1615]
Event: 14.988 Thread 0x000000001e919000 Exception <a 'java/lang/NoSuchMethodError': <clinit>> (0x00000000e107ca68) thrown at [C:\src\AOSP-openjdk-git\hotspot\src\share\vm\prims\jni.cpp, line 1615]
Event: 14.989 Thread 0x000000001e919000 Exception <a 'java/lang/NoSuchMethodError': <clinit>> (0x00000000e108ce88) thrown at [C:\src\AOSP-openjdk-git\hotspot\src\share\vm\prims\jni.cpp, line 1615]
Event: 14.991 Thread 0x000000001e919000 Exception <a 'java/lang/NoSuchMethodError': <clinit>> (0x00000000e10a06e0) thrown at [C:\src\AOSP-openjdk-git\hotspot\src\share\vm\prims\jni.cpp, line 1615]
Event: 14.998 Thread 0x000000001e919000 Exception <a 'java/lang/NoSuchMethodError': <clinit>> (0x00000000e111b5e0) thrown at [C:\src\AOSP-openjdk-git\hotspot\src\share\vm\prims\jni.cpp, line 1615]
Event: 15.038 Thread 0x000000001bb53800 Exception <a 'java/lang/NoSuchMethodError': <clinit>> (0x00000000d93da580) thrown at [C:\src\AOSP-openjdk-git\hotspot\src\share\vm\prims\jni.cpp, line 1615]

Events (10 events):
Event: 15.519 Thread 0x0000000019b75800 flushing nmethod 0x0000000003a551d0
Event: 15.520 Thread 0x0000000019b75800 flushing nmethod 0x0000000003c4da90
Event: 15.536 Thread 0x0000000019b75800 flushing nmethod 0x0000000003cf9bd0
Event: 15.536 Thread 0x0000000019b75800 flushing nmethod 0x0000000003cfa0d0
Event: 15.537 Thread 0x0000000019b75800 flushing nmethod 0x0000000003de0210
Event: 15.537 Thread 0x0000000019b75800 flushing nmethod 0x0000000003de7490
Event: 15.538 Thread 0x0000000019b75800 flushing nmethod 0x0000000003ede710
Event: 15.538 Thread 0x0000000019b75800 flushing nmethod 0x0000000003f22090
Event: 15.540 Thread 0x0000000019b75800 flushing nmethod 0x0000000003f93c50
Event: 15.540 Thread 0x0000000019b75800 flushing nmethod 0x0000000003fb7850


Dynamic libraries:
0x00007ff613ce0000 - 0x00007ff613d11000 	D:\android studio\jre\bin\java.exe
0x00007ffeaa950000 - 0x00007ffeaab46000 	C:\Windows\SYSTEM32\ntdll.dll
0x00007ffeaa5b0000 - 0x00007ffeaa66d000 	C:\Windows\System32\KERNEL32.DLL
0x00007ffea81a0000 - 0x00007ffea8468000 	C:\Windows\System32\KERNELBASE.dll
0x00007ffeaa030000 - 0x00007ffeaa0da000 	C:\Windows\System32\ADVAPI32.dll
0x00007ffea9f90000 - 0x00007ffeaa02e000 	C:\Windows\System32\msvcrt.dll
0x00007ffea9e60000 - 0x00007ffea9efb000 	C:\Windows\System32\sechost.dll
0x00007ffea9450000 - 0x00007ffea9574000 	C:\Windows\System32\RPCRT4.dll
0x00007ffeaa0e0000 - 0x00007ffeaa280000 	C:\Windows\System32\USER32.dll
0x00007ffea8470000 - 0x00007ffea8492000 	C:\Windows\System32\win32u.dll
0x00007ffea9f00000 - 0x00007ffea9f2a000 	C:\Windows\System32\GDI32.dll
0x00007ffea88b0000 - 0x00007ffea89b9000 	C:\Windows\System32\gdi32full.dll
0x00007ffea8600000 - 0x00007ffea869d000 	C:\Windows\System32\msvcp_win.dll
0x00007ffea80a0000 - 0x00007ffea81a0000 	C:\Windows\System32\ucrtbase.dll
0x00007ffe9cee0000 - 0x00007ffe9d17b000 	C:\Windows\WinSxS\amd64_microsoft.windows.common-controls_6595b64144ccf1df_6.0.19041.488_none_ca04af081b815d21\COMCTL32.dll
0x00007ffea8ab0000 - 0x00007ffea8ae0000 	C:\Windows\System32\IMM32.DLL
0x0000000061500000 - 0x00000000615d2000 	D:\android studio\jre\jre\bin\msvcr100.dll
0x0000000063e40000 - 0x000000006468b000 	D:\android studio\jre\jre\bin\server\jvm.dll
0x00007ffea89c0000 - 0x00007ffea89c8000 	C:\Windows\System32\PSAPI.DLL
0x00007ffea2990000 - 0x00007ffea299a000 	C:\Windows\SYSTEM32\VERSION.dll
0x00007ffe9cc80000 - 0x00007ffe9cca7000 	C:\Windows\SYSTEM32\WINMM.dll
0x00007ffea3e50000 - 0x00007ffea3e59000 	C:\Windows\SYSTEM32\WSOCK32.dll
0x00007ffea9580000 - 0x00007ffea95eb000 	C:\Windows\System32\ws2_32.DLL
0x00007ffea3ca0000 - 0x00007ffea3caf000 	D:\android studio\jre\jre\bin\verify.dll
0x00007ffe9f850000 - 0x00007ffe9f879000 	D:\android studio\jre\jre\bin\java.dll
0x00007ffea3c80000 - 0x00007ffea3c96000 	D:\android studio\jre\jre\bin\zip.dll
0x00007ffea95f0000 - 0x00007ffea9d30000 	C:\Windows\System32\SHELL32.dll
0x00007ffea6210000 - 0x00007ffea69a4000 	C:\Windows\SYSTEM32\windows.storage.dll
0x00007ffea8b50000 - 0x00007ffea8ea5000 	C:\Windows\System32\combase.dll
0x00007ffea7a40000 - 0x00007ffea7a6c000 	C:\Windows\SYSTEM32\Wldp.dll
0x00007ffea8eb0000 - 0x00007ffea8f5e000 	C:\Windows\System32\SHCORE.dll
0x00007ffea8ae0000 - 0x00007ffea8b35000 	C:\Windows\System32\shlwapi.dll
0x00007ffea7fd0000 - 0x00007ffea7ff6000 	C:\Windows\SYSTEM32\profapi.dll
0x00007ffea3c40000 - 0x00007ffea3c5a000 	D:\android studio\jre\jre\bin\net.dll
0x00007ffea77c0000 - 0x00007ffea782a000 	C:\Windows\system32\mswsock.dll
0x00007ffea3c10000 - 0x00007ffea3c23000 	D:\android studio\jre\jre\bin\nio.dll
0x00007ffe8ca00000 - 0x00007ffe8ca27000 	C:\Users\xvlad\.gradle\native\f6784746aeab05261644944871eae4fe03e0ef1612fff0a4a95f87b438bc6780\windows-amd64\native-platform.dll
0x00007ffea3750000 - 0x00007ffea375d000 	D:\android studio\jre\jre\bin\management.dll
0x00007ffea79a0000 - 0x00007ffea79b8000 	C:\Windows\SYSTEM32\CRYPTSP.dll
0x00007ffea7150000 - 0x00007ffea7184000 	C:\Windows\system32\rsaenh.dll
0x00007ffea8880000 - 0x00007ffea88a7000 	C:\Windows\System32\bcrypt.dll
0x00007ffea7f50000 - 0x00007ffea7f7e000 	C:\Windows\SYSTEM32\USERENV.dll
0x00007ffea86a0000 - 0x00007ffea871f000 	C:\Windows\System32\bcryptprimitives.dll
0x00007ffea7990000 - 0x00007ffea799c000 	C:\Windows\SYSTEM32\CRYPTBASE.dll
0x00007ffea74b0000 - 0x00007ffea74eb000 	C:\Windows\SYSTEM32\IPHLPAPI.DLL
0x00007ffeaa280000 - 0x00007ffeaa289000 	C:\Windows\System32\NSI.dll
0x00007ffea28e0000 - 0x00007ffea28f7000 	C:\Windows\SYSTEM32\dhcpcsvc6.DLL
0x00007ffea28c0000 - 0x00007ffea28dd000 	C:\Windows\SYSTEM32\dhcpcsvc.DLL
0x00007ffea74f0000 - 0x00007ffea75bb000 	C:\Windows\SYSTEM32\DNSAPI.dll
0x00007ffea2900000 - 0x00007ffea290b000 	C:\Windows\SYSTEM32\WINNSI.DLL

VM Arguments:
jvm_args: -Xmx2048m -Dfile.encoding=UTF-8 -Duser.country=RU -Duser.language=ru -Duser.variant 
java_command: org.gradle.launcher.daemon.bootstrap.GradleDaemon 6.5
java_class_path (initial): C:\Users\xvlad\.gradle\wrapper\dists\gradle-6.5-bin\6nifqtx7604sqp1q6g8wikw7p\gradle-6.5\lib\gradle-launcher-6.5.jar
Launcher Type: SUN_STANDARD

Environment Variables:
PATH=C:\Program Files (x86)\Common Files\Oracle\Java\javapath;C:\ProgramData\Oracle\Java\javapath;C:\Windows\system32;C:\Windows;C:\Windows\System32\Wbem;C:\Windows\System32\WindowsPowerShell\v1.0\;C:\Windows\System32\OpenSSH\;C:\Program Files\Java\jdk1.8.0_281\bin
USERNAME=xvlad
OS=Windows_NT
PROCESSOR_IDENTIFIER=AMD64 Family 21 Model 1 Stepping 2, AuthenticAMD



---------------  S Y S T E M  ---------------

OS: Windows 10.0 , 64 bit Build 19041 (10.0.19041.546)

CPU:total 6 (initial active 6) (6 cores per cpu, 1 threads per core) family 21 model 1 stepping 2, cmov, cx8, fxsr, mmx, sse, sse2, sse3, ssse3, sse4.1, sse4.2, popcnt, avx, aes, clmul, mmxext, 3dnowpref, lzcnt, sse4a, tsc, tscinvbit, tscinv

Memory: 4k page, physical 7469172k(1061284k free), swap 9566324k(10820k free)

vm_info: OpenJDK 64-Bit Server VM (25.242-b01) for windows-amd64 JRE (1.8.0_242-release-1644-b01), built by "builder" with MS VC++ 10.0 (VS2010)

time: Mon Feb 22 14:05:24 2021
timezone: Финляндия (зима)
elapsed time: 15 seconds (0d 0h 0m 15s)

